{"/Users/Matteo/Desktop/messenger-frontend/src/components/DesktopOnlyGuard.tsx": {"path":"/Users/Matteo/Desktop/messenger-frontend/src/components/DesktopOnlyGuard.tsx","statementMap":{"0":{"start":{"line":8,"column":19},"end":{"line":8,"column":null}},"1":{"start":{"line":10,"column":4},"end":{"line":59,"column":null}}},"fnMap":{"0":{"name":"DesktopOnlyGuard","decl":{"start":{"line":7,"column":16},"end":{"line":7,"column":35}},"loc":{"start":{"line":7,"column":35},"end":{"line":61,"column":null}},"line":7}},"branchMap":{},"s":{"0":0,"1":0},"f":{"0":0},"b":{},"meta":{"lastBranch":0,"lastFunction":1,"lastStatement":2,"seen":{"f:7:16:7:35":0,"s:8:19:8:Infinity":0,"s:10:4:59:Infinity":1}}}
,"/Users/Matteo/Desktop/messenger-frontend/src/components/Map.tsx": {"path":"/Users/Matteo/Desktop/messenger-frontend/src/components/Map.tsx","statementMap":{"0":{"start":{"line":5,"column":23},"end":{"line":8,"column":null}},"1":{"start":{"line":10,"column":22},"end":{"line":13,"column":null}},"2":{"start":{"line":16,"column":29},"end":{"line":16,"column":null}},"3":{"start":{"line":31,"column":26},"end":{"line":31,"column":null}},"4":{"start":{"line":32,"column":22},"end":{"line":32,"column":null}},"5":{"start":{"line":34,"column":21},"end":{"line":38,"column":null}},"6":{"start":{"line":40,"column":10},"end":{"line":43,"column":null}},"7":{"start":{"line":41,"column":8},"end":{"line":41,"column":null}},"8":{"start":{"line":42,"column":8},"end":{"line":42,"column":null}},"9":{"start":{"line":42,"column":20},"end":{"line":42,"column":null}},"10":{"start":{"line":45,"column":10},"end":{"line":48,"column":null}},"11":{"start":{"line":46,"column":8},"end":{"line":46,"column":null}},"12":{"start":{"line":47,"column":8},"end":{"line":47,"column":null}},"13":{"start":{"line":47,"column":23},"end":{"line":47,"column":null}},"14":{"start":{"line":51,"column":10},"end":{"line":53,"column":null}},"15":{"start":{"line":52,"column":8},"end":{"line":52,"column":null}},"16":{"start":{"line":56,"column":4},"end":{"line":62,"column":null}},"17":{"start":{"line":57,"column":8},"end":{"line":61,"column":null}},"18":{"start":{"line":58,"column":12},"end":{"line":60,"column":null}},"19":{"start":{"line":64,"column":4},"end":{"line":66,"column":null}},"20":{"start":{"line":65,"column":8},"end":{"line":65,"column":null}},"21":{"start":{"line":68,"column":4},"end":{"line":102,"column":null}},"22":{"start":{"line":106,"column":13},"end":{"line":106,"column":null}}},"fnMap":{"0":{"name":"MapComponent","decl":{"start":{"line":30,"column":9},"end":{"line":30,"column":22}},"loc":{"start":{"line":30,"column":111},"end":{"line":104,"column":null}},"line":30},"1":{"name":"(anonymous_1)","decl":{"start":{"line":40,"column":35},"end":{"line":40,"column":36}},"loc":{"start":{"line":40,"column":69},"end":{"line":43,"column":7}},"line":40},"2":{"name":"(anonymous_2)","decl":{"start":{"line":45,"column":38},"end":{"line":45,"column":39}},"loc":{"start":{"line":45,"column":72},"end":{"line":48,"column":7}},"line":45},"3":{"name":"(anonymous_3)","decl":{"start":{"line":51,"column":39},"end":{"line":51,"column":58}},"loc":{"start":{"line":51,"column":58},"end":{"line":53,"column":7}},"line":51},"4":{"name":"(anonymous_4)","decl":{"start":{"line":56,"column":14},"end":{"line":56,"column":20}},"loc":{"start":{"line":56,"column":20},"end":{"line":62,"column":7}},"line":56}},"branchMap":{"0":{"loc":{"start":{"line":30,"column":24},"end":{"line":30,"column":48}},"type":"default-arg","locations":[{"start":{"line":30,"column":33},"end":{"line":30,"column":48}}],"line":30},"1":{"loc":{"start":{"line":30,"column":48},"end":{"line":30,"column":59}},"type":"default-arg","locations":[{"start":{"line":30,"column":55},"end":{"line":30,"column":59}}],"line":30},"2":{"loc":{"start":{"line":42,"column":8},"end":{"line":42,"column":null}},"type":"if","locations":[{"start":{"line":42,"column":8},"end":{"line":42,"column":null}},{"start":{},"end":{}}],"line":42},"3":{"loc":{"start":{"line":47,"column":8},"end":{"line":47,"column":null}},"type":"if","locations":[{"start":{"line":47,"column":8},"end":{"line":47,"column":null}},{"start":{},"end":{}}],"line":47},"4":{"loc":{"start":{"line":52,"column":15},"end":{"line":52,"column":null}},"type":"cond-expr","locations":[{"start":{"line":52,"column":42},"end":{"line":52,"column":51}},{"start":{"line":52,"column":51},"end":{"line":52,"column":null}}],"line":52},"5":{"loc":{"start":{"line":57,"column":8},"end":{"line":61,"column":null}},"type":"if","locations":[{"start":{"line":57,"column":8},"end":{"line":61,"column":null}},{"start":{},"end":{}}],"line":57},"6":{"loc":{"start":{"line":64,"column":4},"end":{"line":66,"column":null}},"type":"if","locations":[{"start":{"line":64,"column":4},"end":{"line":66,"column":null}},{"start":{},"end":{}}],"line":64},"7":{"loc":{"start":{"line":65,"column":82},"end":{"line":65,"column":97}},"type":"binary-expr","locations":[{"start":{"line":65,"column":82},"end":{"line":65,"column":95}},{"start":{"line":65,"column":95},"end":{"line":65,"column":97}}],"line":65},"8":{"loc":{"start":{"line":69,"column":24},"end":{"line":69,"column":null}},"type":"binary-expr","locations":[{"start":{"line":69,"column":24},"end":{"line":69,"column":37}},{"start":{"line":69,"column":37},"end":{"line":69,"column":null}}],"line":69},"9":{"loc":{"start":{"line":78,"column":27},"end":{"line":78,"column":null}},"type":"binary-expr","locations":[{"start":{"line":78,"column":27},"end":{"line":78,"column":70}},{"start":{"line":78,"column":70},"end":{"line":78,"column":null}}],"line":78}},"s":{"0":0,"1":0,"2":0,"3":0,"4":0,"5":0,"6":0,"7":0,"8":0,"9":0,"10":0,"11":0,"12":0,"13":0,"14":0,"15":0,"16":0,"17":0,"18":0,"19":0,"20":0,"21":0,"22":0},"f":{"0":0,"1":0,"2":0,"3":0,"4":0},"b":{"0":[0],"1":[0],"2":[0,0],"3":[0,0],"4":[0,0],"5":[0,0],"6":[0,0],"7":[0,0],"8":[0,0],"9":[0,0]},"meta":{"lastBranch":10,"lastFunction":5,"lastStatement":23,"seen":{"s:5:23:8:Infinity":0,"s:10:22:13:Infinity":1,"s:16:29:16:Infinity":2,"f:30:9:30:22":0,"b:30:33:30:48":0,"b:30:55:30:59":1,"s:31:26:31:Infinity":3,"s:32:22:32:Infinity":4,"s:34:21:38:Infinity":5,"s:40:10:43:Infinity":6,"f:40:35:40:36":1,"s:41:8:41:Infinity":7,"b:42:8:42:Infinity:undefined:undefined:undefined:undefined":2,"s:42:8:42:Infinity":8,"s:42:20:42:Infinity":9,"s:45:10:48:Infinity":10,"f:45:38:45:39":2,"s:46:8:46:Infinity":11,"b:47:8:47:Infinity:undefined:undefined:undefined:undefined":3,"s:47:8:47:Infinity":12,"s:47:23:47:Infinity":13,"s:51:10:53:Infinity":14,"f:51:39:51:58":3,"s:52:8:52:Infinity":15,"b:52:42:52:51:52:51:52:Infinity":4,"s:56:4:62:Infinity":16,"f:56:14:56:20":4,"b:57:8:61:Infinity:undefined:undefined:undefined:undefined":5,"s:57:8:61:Infinity":17,"s:58:12:60:Infinity":18,"b:64:4:66:Infinity:undefined:undefined:undefined:undefined":6,"s:64:4:66:Infinity":19,"s:65:8:65:Infinity":20,"b:65:82:65:95:65:95:65:97":7,"s:68:4:102:Infinity":21,"b:69:24:69:37:69:37:69:Infinity":8,"b:78:27:78:70:78:70:78:Infinity":9,"s:106:13:106:Infinity":22}}}
,"/Users/Matteo/Desktop/messenger-frontend/src/components/MobileOnlyGuard.tsx": {"path":"/Users/Matteo/Desktop/messenger-frontend/src/components/MobileOnlyGuard.tsx","statementMap":{"0":{"start":{"line":8,"column":19},"end":{"line":8,"column":null}},"1":{"start":{"line":10,"column":4},"end":{"line":73,"column":null}}},"fnMap":{"0":{"name":"MobileOnlyGuard","decl":{"start":{"line":7,"column":16},"end":{"line":7,"column":34}},"loc":{"start":{"line":7,"column":34},"end":{"line":75,"column":null}},"line":7}},"branchMap":{},"s":{"0":0,"1":0},"f":{"0":0},"b":{},"meta":{"lastBranch":0,"lastFunction":1,"lastStatement":2,"seen":{"f:7:16:7:34":0,"s:8:19:8:Infinity":0,"s:10:4:73:Infinity":1}}}
,"/Users/Matteo/Desktop/messenger-frontend/src/components/PlacaBadge.tsx": {"path":"/Users/Matteo/Desktop/messenger-frontend/src/components/PlacaBadge.tsx","statementMap":{"0":{"start":{"line":18,"column":24},"end":{"line":25,"column":null}},"1":{"start":{"line":19,"column":22},"end":{"line":19,"column":null}},"2":{"start":{"line":20,"column":8},"end":{"line":23,"column":null}},"3":{"start":{"line":22,"column":12},"end":{"line":22,"column":null}},"4":{"start":{"line":24,"column":8},"end":{"line":24,"column":null}},"5":{"start":{"line":27,"column":33},"end":{"line":27,"column":null}},"6":{"start":{"line":29,"column":24},"end":{"line":34,"column":null}},"7":{"start":{"line":36,"column":19},"end":{"line":36,"column":null}},"8":{"start":{"line":38,"column":4},"end":{"line":67,"column":null}}},"fnMap":{"0":{"name":"PlacaBadge","decl":{"start":{"line":11,"column":16},"end":{"line":11,"column":27}},"loc":{"start":{"line":16,"column":20},"end":{"line":69,"column":null}},"line":16},"1":{"name":"(anonymous_1)","decl":{"start":{"line":18,"column":24},"end":{"line":18,"column":25}},"loc":{"start":{"line":18,"column":43},"end":{"line":25,"column":null}},"line":18}},"branchMap":{"0":{"loc":{"start":{"line":13,"column":4},"end":{"line":13,"column":null}},"type":"default-arg","locations":[{"start":{"line":13,"column":16},"end":{"line":13,"column":null}}],"line":13},"1":{"loc":{"start":{"line":14,"column":4},"end":{"line":14,"column":null}},"type":"default-arg","locations":[{"start":{"line":14,"column":11},"end":{"line":14,"column":null}}],"line":14},"2":{"loc":{"start":{"line":20,"column":8},"end":{"line":23,"column":null}},"type":"if","locations":[{"start":{"line":20,"column":8},"end":{"line":23,"column":null}},{"start":{},"end":{}}],"line":20},"3":{"loc":{"start":{"line":54,"column":13},"end":{"line":60,"column":null}},"type":"binary-expr","locations":[{"start":{"line":54,"column":13},"end":{"line":54,"column":null}},{"start":{"line":55,"column":16},"end":{"line":60,"column":null}}],"line":54},"4":{"loc":{"start":{"line":62,"column":13},"end":{"line":65,"column":null}},"type":"binary-expr","locations":[{"start":{"line":62,"column":13},"end":{"line":62,"column":null}},{"start":{"line":63,"column":16},"end":{"line":65,"column":null}}],"line":62}},"s":{"0":0,"1":0,"2":0,"3":0,"4":0,"5":0,"6":0,"7":0,"8":0},"f":{"0":0,"1":0},"b":{"0":[0],"1":[0],"2":[0,0],"3":[0,0],"4":[0,0]},"meta":{"lastBranch":5,"lastFunction":2,"lastStatement":9,"seen":{"f:11:16:11:27":0,"b:13:16:13:Infinity":0,"b:14:11:14:Infinity":1,"s:18:24:25:Infinity":0,"f:18:24:18:25":1,"s:19:22:19:Infinity":1,"b:20:8:23:Infinity:undefined:undefined:undefined:undefined":2,"s:20:8:23:Infinity":2,"s:22:12:22:Infinity":3,"s:24:8:24:Infinity":4,"s:27:33:27:Infinity":5,"s:29:24:34:Infinity":6,"s:36:19:36:Infinity":7,"s:38:4:67:Infinity":8,"b:54:13:54:Infinity:55:16:60:Infinity":3,"b:62:13:62:Infinity:63:16:65:Infinity":4}}}
,"/Users/Matteo/Desktop/messenger-frontend/src/components/SessionExpiredDialog.tsx": {"path":"/Users/Matteo/Desktop/messenger-frontend/src/components/SessionExpiredDialog.tsx","statementMap":{"0":{"start":{"line":7,"column":28},"end":{"line":7,"column":null}},"1":{"start":{"line":8,"column":10},"end":{"line":8,"column":null}},"2":{"start":{"line":10,"column":4},"end":{"line":20,"column":null}},"3":{"start":{"line":11,"column":37},"end":{"line":13,"column":null}},"4":{"start":{"line":12,"column":12},"end":{"line":12,"column":null}},"5":{"start":{"line":15,"column":8},"end":{"line":15,"column":null}},"6":{"start":{"line":17,"column":8},"end":{"line":19,"column":null}},"7":{"start":{"line":18,"column":12},"end":{"line":18,"column":null}},"8":{"start":{"line":22,"column":34},"end":{"line":25,"column":null}},"9":{"start":{"line":23,"column":8},"end":{"line":23,"column":null}},"10":{"start":{"line":24,"column":8},"end":{"line":24,"column":null}},"11":{"start":{"line":27,"column":4},"end":{"line":51,"column":null}}},"fnMap":{"0":{"name":"SessionExpiredDialog","decl":{"start":{"line":6,"column":16},"end":{"line":6,"column":39}},"loc":{"start":{"line":6,"column":39},"end":{"line":53,"column":null}},"line":6},"1":{"name":"(anonymous_1)","decl":{"start":{"line":10,"column":14},"end":{"line":10,"column":20}},"loc":{"start":{"line":10,"column":20},"end":{"line":20,"column":7}},"line":10},"2":{"name":"(anonymous_2)","decl":{"start":{"line":11,"column":37},"end":{"line":11,"column":43}},"loc":{"start":{"line":11,"column":43},"end":{"line":13,"column":null}},"line":11},"3":{"name":"(anonymous_3)","decl":{"start":{"line":17,"column":15},"end":{"line":17,"column":21}},"loc":{"start":{"line":17,"column":21},"end":{"line":19,"column":null}},"line":17},"4":{"name":"(anonymous_4)","decl":{"start":{"line":22,"column":34},"end":{"line":22,"column":40}},"loc":{"start":{"line":22,"column":40},"end":{"line":25,"column":null}},"line":22}},"branchMap":{},"s":{"0":0,"1":0,"2":0,"3":0,"4":0,"5":0,"6":0,"7":0,"8":0,"9":0,"10":0,"11":0},"f":{"0":0,"1":0,"2":0,"3":0,"4":0},"b":{},"meta":{"lastBranch":0,"lastFunction":5,"lastStatement":12,"seen":{"f:6:16:6:39":0,"s:7:28:7:Infinity":0,"s:8:10:8:Infinity":1,"s:10:4:20:Infinity":2,"f:10:14:10:20":1,"s:11:37:13:Infinity":3,"f:11:37:11:43":2,"s:12:12:12:Infinity":4,"s:15:8:15:Infinity":5,"s:17:8:19:Infinity":6,"f:17:15:17:21":3,"s:18:12:18:Infinity":7,"s:22:34:25:Infinity":8,"f:22:34:22:40":4,"s:23:8:23:Infinity":9,"s:24:8:24:Infinity":10,"s:27:4:51:Infinity":11}}}
,"/Users/Matteo/Desktop/messenger-frontend/src/components/SignaturePad.tsx": {"path":"/Users/Matteo/Desktop/messenger-frontend/src/components/SignaturePad.tsx","statementMap":{"0":{"start":{"line":23,"column":10},"end":{"line":23,"column":null}},"1":{"start":{"line":24,"column":34},"end":{"line":24,"column":null}},"2":{"start":{"line":25,"column":30},"end":{"line":25,"column":null}},"3":{"start":{"line":28,"column":4},"end":{"line":48,"column":null}},"4":{"start":{"line":29,"column":23},"end":{"line":29,"column":null}},"5":{"start":{"line":30,"column":8},"end":{"line":30,"column":null}},"6":{"start":{"line":30,"column":21},"end":{"line":30,"column":null}},"7":{"start":{"line":32,"column":20},"end":{"line":32,"column":null}},"8":{"start":{"line":33,"column":8},"end":{"line":33,"column":null}},"9":{"start":{"line":33,"column":18},"end":{"line":33,"column":null}},"10":{"start":{"line":36,"column":8},"end":{"line":36,"column":null}},"11":{"start":{"line":37,"column":8},"end":{"line":37,"column":null}},"12":{"start":{"line":40,"column":8},"end":{"line":40,"column":null}},"13":{"start":{"line":41,"column":8},"end":{"line":41,"column":null}},"14":{"start":{"line":42,"column":8},"end":{"line":42,"column":null}},"15":{"start":{"line":43,"column":8},"end":{"line":43,"column":null}},"16":{"start":{"line":46,"column":8},"end":{"line":46,"column":null}},"17":{"start":{"line":47,"column":8},"end":{"line":47,"column":null}},"18":{"start":{"line":50,"column":10},"end":{"line":70,"column":null}},"19":{"start":{"line":51,"column":23},"end":{"line":51,"column":null}},"20":{"start":{"line":52,"column":8},"end":{"line":52,"column":null}},"21":{"start":{"line":52,"column":21},"end":{"line":52,"column":null}},"22":{"start":{"line":54,"column":21},"end":{"line":54,"column":null}},"23":{"start":{"line":55,"column":23},"end":{"line":55,"column":null}},"24":{"start":{"line":56,"column":23},"end":{"line":56,"column":null}},"25":{"start":{"line":58,"column":8},"end":{"line":69,"column":null}},"26":{"start":{"line":59,"column":26},"end":{"line":59,"column":null}},"27":{"start":{"line":60,"column":12},"end":{"line":63,"column":null}},"28":{"start":{"line":65,"column":12},"end":{"line":68,"column":null}},"29":{"start":{"line":72,"column":10},"end":{"line":83,"column":null}},"30":{"start":{"line":73,"column":8},"end":{"line":73,"column":null}},"31":{"start":{"line":73,"column":26},"end":{"line":73,"column":null}},"32":{"start":{"line":74,"column":23},"end":{"line":74,"column":null}},"33":{"start":{"line":75,"column":20},"end":{"line":75,"column":null}},"34":{"start":{"line":76,"column":8},"end":{"line":76,"column":null}},"35":{"start":{"line":76,"column":18},"end":{"line":76,"column":null}},"36":{"start":{"line":78,"column":25},"end":{"line":78,"column":null}},"37":{"start":{"line":79,"column":8},"end":{"line":79,"column":null}},"38":{"start":{"line":80,"column":8},"end":{"line":80,"column":null}},"39":{"start":{"line":81,"column":8},"end":{"line":81,"column":null}},"40":{"start":{"line":82,"column":8},"end":{"line":82,"column":null}},"41":{"start":{"line":85,"column":10},"end":{"line":96,"column":null}},"42":{"start":{"line":86,"column":8},"end":{"line":86,"column":null}},"43":{"start":{"line":86,"column":26},"end":{"line":86,"column":null}},"44":{"start":{"line":87,"column":8},"end":{"line":87,"column":null}},"45":{"start":{"line":87,"column":24},"end":{"line":87,"column":null}},"46":{"start":{"line":89,"column":23},"end":{"line":89,"column":null}},"47":{"start":{"line":90,"column":20},"end":{"line":90,"column":null}},"48":{"start":{"line":91,"column":8},"end":{"line":91,"column":null}},"49":{"start":{"line":91,"column":18},"end":{"line":91,"column":null}},"50":{"start":{"line":93,"column":25},"end":{"line":93,"column":null}},"51":{"start":{"line":94,"column":8},"end":{"line":94,"column":null}},"52":{"start":{"line":95,"column":8},"end":{"line":95,"column":null}},"53":{"start":{"line":98,"column":10},"end":{"line":108,"column":null}},"54":{"start":{"line":99,"column":23},"end":{"line":99,"column":null}},"55":{"start":{"line":100,"column":8},"end":{"line":100,"column":null}},"56":{"start":{"line":100,"column":21},"end":{"line":100,"column":null}},"57":{"start":{"line":102,"column":8},"end":{"line":107,"column":null}},"58":{"start":{"line":103,"column":12},"end":{"line":106,"column":null}},"59":{"start":{"line":104,"column":29},"end":{"line":104,"column":null}},"60":{"start":{"line":105,"column":16},"end":{"line":105,"column":null}},"61":{"start":{"line":110,"column":10},"end":{"line":116,"column":null}},"62":{"start":{"line":111,"column":8},"end":{"line":115,"column":null}},"63":{"start":{"line":112,"column":12},"end":{"line":112,"column":null}},"64":{"start":{"line":114,"column":12},"end":{"line":114,"column":null}},"65":{"start":{"line":118,"column":10},"end":{"line":128,"column":null}},"66":{"start":{"line":119,"column":23},"end":{"line":119,"column":null}},"67":{"start":{"line":120,"column":20},"end":{"line":120,"column":null}},"68":{"start":{"line":121,"column":8},"end":{"line":121,"column":null}},"69":{"start":{"line":121,"column":29},"end":{"line":121,"column":null}},"70":{"start":{"line":123,"column":8},"end":{"line":123,"column":null}},"71":{"start":{"line":124,"column":8},"end":{"line":124,"column":null}},"72":{"start":{"line":125,"column":8},"end":{"line":125,"column":null}},"73":{"start":{"line":126,"column":8},"end":{"line":126,"column":null}},"74":{"start":{"line":127,"column":8},"end":{"line":127,"column":null}},"75":{"start":{"line":130,"column":4},"end":{"line":168,"column":null}}},"fnMap":{"0":{"name":"SignaturePad","decl":{"start":{"line":15,"column":16},"end":{"line":15,"column":29}},"loc":{"start":{"line":22,"column":22},"end":{"line":170,"column":null}},"line":22},"1":{"name":"(anonymous_1)","decl":{"start":{"line":28,"column":14},"end":{"line":28,"column":20}},"loc":{"start":{"line":28,"column":20},"end":{"line":48,"column":7}},"line":28},"2":{"name":"(anonymous_2)","decl":{"start":{"line":50,"column":39},"end":{"line":50,"column":40}},"loc":{"start":{"line":50,"column":83},"end":{"line":70,"column":7}},"line":50},"3":{"name":"(anonymous_3)","decl":{"start":{"line":72,"column":37},"end":{"line":72,"column":38}},"loc":{"start":{"line":72,"column":81},"end":{"line":83,"column":7}},"line":72},"4":{"name":"(anonymous_4)","decl":{"start":{"line":85,"column":29},"end":{"line":85,"column":30}},"loc":{"start":{"line":85,"column":73},"end":{"line":96,"column":7}},"line":85},"5":{"name":"(anonymous_5)","decl":{"start":{"line":98,"column":37},"end":{"line":98,"column":43}},"loc":{"start":{"line":98,"column":43},"end":{"line":108,"column":7}},"line":98},"6":{"name":"(anonymous_6)","decl":{"start":{"line":102,"column":22},"end":{"line":102,"column":23}},"loc":{"start":{"line":102,"column":32},"end":{"line":107,"column":11}},"line":102},"7":{"name":"(anonymous_7)","decl":{"start":{"line":110,"column":36},"end":{"line":110,"column":42}},"loc":{"start":{"line":110,"column":42},"end":{"line":116,"column":7}},"line":110},"8":{"name":"(anonymous_8)","decl":{"start":{"line":118,"column":36},"end":{"line":118,"column":42}},"loc":{"start":{"line":118,"column":42},"end":{"line":128,"column":7}},"line":118}},"branchMap":{"0":{"loc":{"start":{"line":17,"column":4},"end":{"line":17,"column":null}},"type":"default-arg","locations":[{"start":{"line":17,"column":12},"end":{"line":17,"column":null}}],"line":17},"1":{"loc":{"start":{"line":18,"column":4},"end":{"line":18,"column":null}},"type":"default-arg","locations":[{"start":{"line":18,"column":13},"end":{"line":18,"column":null}}],"line":18},"2":{"loc":{"start":{"line":20,"column":4},"end":{"line":20,"column":null}},"type":"default-arg","locations":[{"start":{"line":20,"column":22},"end":{"line":20,"column":null}}],"line":20},"3":{"loc":{"start":{"line":30,"column":8},"end":{"line":30,"column":null}},"type":"if","locations":[{"start":{"line":30,"column":8},"end":{"line":30,"column":null}},{"start":{},"end":{}}],"line":30},"4":{"loc":{"start":{"line":33,"column":8},"end":{"line":33,"column":null}},"type":"if","locations":[{"start":{"line":33,"column":8},"end":{"line":33,"column":null}},{"start":{},"end":{}}],"line":33},"5":{"loc":{"start":{"line":52,"column":8},"end":{"line":52,"column":null}},"type":"if","locations":[{"start":{"line":52,"column":8},"end":{"line":52,"column":null}},{"start":{},"end":{}}],"line":52},"6":{"loc":{"start":{"line":58,"column":8},"end":{"line":69,"column":null}},"type":"if","locations":[{"start":{"line":58,"column":8},"end":{"line":69,"column":null}},{"start":{"line":64,"column":15},"end":{"line":69,"column":null}}],"line":58},"7":{"loc":{"start":{"line":73,"column":8},"end":{"line":73,"column":null}},"type":"if","locations":[{"start":{"line":73,"column":8},"end":{"line":73,"column":null}},{"start":{},"end":{}}],"line":73},"8":{"loc":{"start":{"line":76,"column":8},"end":{"line":76,"column":null}},"type":"if","locations":[{"start":{"line":76,"column":8},"end":{"line":76,"column":null}},{"start":{},"end":{}}],"line":76},"9":{"loc":{"start":{"line":86,"column":8},"end":{"line":86,"column":null}},"type":"if","locations":[{"start":{"line":86,"column":8},"end":{"line":86,"column":null}},{"start":{},"end":{}}],"line":86},"10":{"loc":{"start":{"line":87,"column":8},"end":{"line":87,"column":null}},"type":"if","locations":[{"start":{"line":87,"column":8},"end":{"line":87,"column":null}},{"start":{},"end":{}}],"line":87},"11":{"loc":{"start":{"line":91,"column":8},"end":{"line":91,"column":null}},"type":"if","locations":[{"start":{"line":91,"column":8},"end":{"line":91,"column":null}},{"start":{},"end":{}}],"line":91},"12":{"loc":{"start":{"line":100,"column":8},"end":{"line":100,"column":null}},"type":"if","locations":[{"start":{"line":100,"column":8},"end":{"line":100,"column":null}},{"start":{},"end":{}}],"line":100},"13":{"loc":{"start":{"line":103,"column":12},"end":{"line":106,"column":null}},"type":"if","locations":[{"start":{"line":103,"column":12},"end":{"line":106,"column":null}},{"start":{},"end":{}}],"line":103},"14":{"loc":{"start":{"line":111,"column":8},"end":{"line":115,"column":null}},"type":"if","locations":[{"start":{"line":111,"column":8},"end":{"line":115,"column":null}},{"start":{},"end":{}}],"line":111},"15":{"loc":{"start":{"line":121,"column":8},"end":{"line":121,"column":null}},"type":"if","locations":[{"start":{"line":121,"column":8},"end":{"line":121,"column":null}},{"start":{},"end":{}}],"line":121},"16":{"loc":{"start":{"line":121,"column":12},"end":{"line":121,"column":29}},"type":"binary-expr","locations":[{"start":{"line":121,"column":12},"end":{"line":121,"column":20}},{"start":{"line":121,"column":20},"end":{"line":121,"column":29}}],"line":121},"17":{"loc":{"start":{"line":145,"column":17},"end":{"line":150,"column":null}},"type":"binary-expr","locations":[{"start":{"line":145,"column":17},"end":{"line":145,"column":null}},{"start":{"line":146,"column":20},"end":{"line":150,"column":null}}],"line":145},"18":{"loc":{"start":{"line":154,"column":13},"end":{"line":166,"column":null}},"type":"binary-expr","locations":[{"start":{"line":154,"column":13},"end":{"line":154,"column":null}},{"start":{"line":155,"column":16},"end":{"line":166,"column":null}}],"line":154}},"s":{"0":0,"1":0,"2":0,"3":0,"4":0,"5":0,"6":0,"7":0,"8":0,"9":0,"10":0,"11":0,"12":0,"13":0,"14":0,"15":0,"16":0,"17":0,"18":0,"19":0,"20":0,"21":0,"22":0,"23":0,"24":0,"25":0,"26":0,"27":0,"28":0,"29":0,"30":0,"31":0,"32":0,"33":0,"34":0,"35":0,"36":0,"37":0,"38":0,"39":0,"40":0,"41":0,"42":0,"43":0,"44":0,"45":0,"46":0,"47":0,"48":0,"49":0,"50":0,"51":0,"52":0,"53":0,"54":0,"55":0,"56":0,"57":0,"58":0,"59":0,"60":0,"61":0,"62":0,"63":0,"64":0,"65":0,"66":0,"67":0,"68":0,"69":0,"70":0,"71":0,"72":0,"73":0,"74":0,"75":0},"f":{"0":0,"1":0,"2":0,"3":0,"4":0,"5":0,"6":0,"7":0,"8":0},"b":{"0":[0],"1":[0],"2":[0],"3":[0,0],"4":[0,0],"5":[0,0],"6":[0,0],"7":[0,0],"8":[0,0],"9":[0,0],"10":[0,0],"11":[0,0],"12":[0,0],"13":[0,0],"14":[0,0],"15":[0,0],"16":[0,0],"17":[0,0],"18":[0,0]},"meta":{"lastBranch":19,"lastFunction":9,"lastStatement":76,"seen":{"f:15:16:15:29":0,"b:17:12:17:Infinity":0,"b:18:13:18:Infinity":1,"b:20:22:20:Infinity":2,"s:23:10:23:Infinity":0,"s:24:34:24:Infinity":1,"s:25:30:25:Infinity":2,"s:28:4:48:Infinity":3,"f:28:14:28:20":1,"s:29:23:29:Infinity":4,"b:30:8:30:Infinity:undefined:undefined:undefined:undefined":3,"s:30:8:30:Infinity":5,"s:30:21:30:Infinity":6,"s:32:20:32:Infinity":7,"b:33:8:33:Infinity:undefined:undefined:undefined:undefined":4,"s:33:8:33:Infinity":8,"s:33:18:33:Infinity":9,"s:36:8:36:Infinity":10,"s:37:8:37:Infinity":11,"s:40:8:40:Infinity":12,"s:41:8:41:Infinity":13,"s:42:8:42:Infinity":14,"s:43:8:43:Infinity":15,"s:46:8:46:Infinity":16,"s:47:8:47:Infinity":17,"s:50:10:70:Infinity":18,"f:50:39:50:40":2,"s:51:23:51:Infinity":19,"b:52:8:52:Infinity:undefined:undefined:undefined:undefined":5,"s:52:8:52:Infinity":20,"s:52:21:52:Infinity":21,"s:54:21:54:Infinity":22,"s:55:23:55:Infinity":23,"s:56:23:56:Infinity":24,"b:58:8:69:Infinity:64:15:69:Infinity":6,"s:58:8:69:Infinity":25,"s:59:26:59:Infinity":26,"s:60:12:63:Infinity":27,"s:65:12:68:Infinity":28,"s:72:10:83:Infinity":29,"f:72:37:72:38":3,"b:73:8:73:Infinity:undefined:undefined:undefined:undefined":7,"s:73:8:73:Infinity":30,"s:73:26:73:Infinity":31,"s:74:23:74:Infinity":32,"s:75:20:75:Infinity":33,"b:76:8:76:Infinity:undefined:undefined:undefined:undefined":8,"s:76:8:76:Infinity":34,"s:76:18:76:Infinity":35,"s:78:25:78:Infinity":36,"s:79:8:79:Infinity":37,"s:80:8:80:Infinity":38,"s:81:8:81:Infinity":39,"s:82:8:82:Infinity":40,"s:85:10:96:Infinity":41,"f:85:29:85:30":4,"b:86:8:86:Infinity:undefined:undefined:undefined:undefined":9,"s:86:8:86:Infinity":42,"s:86:26:86:Infinity":43,"b:87:8:87:Infinity:undefined:undefined:undefined:undefined":10,"s:87:8:87:Infinity":44,"s:87:24:87:Infinity":45,"s:89:23:89:Infinity":46,"s:90:20:90:Infinity":47,"b:91:8:91:Infinity:undefined:undefined:undefined:undefined":11,"s:91:8:91:Infinity":48,"s:91:18:91:Infinity":49,"s:93:25:93:Infinity":50,"s:94:8:94:Infinity":51,"s:95:8:95:Infinity":52,"s:98:10:108:Infinity":53,"f:98:37:98:43":5,"s:99:23:99:Infinity":54,"b:100:8:100:Infinity:undefined:undefined:undefined:undefined":12,"s:100:8:100:Infinity":55,"s:100:21:100:Infinity":56,"s:102:8:107:Infinity":57,"f:102:22:102:23":6,"b:103:12:106:Infinity:undefined:undefined:undefined:undefined":13,"s:103:12:106:Infinity":58,"s:104:29:104:Infinity":59,"s:105:16:105:Infinity":60,"s:110:10:116:Infinity":61,"f:110:36:110:42":7,"b:111:8:115:Infinity:undefined:undefined:undefined:undefined":14,"s:111:8:115:Infinity":62,"s:112:12:112:Infinity":63,"s:114:12:114:Infinity":64,"s:118:10:128:Infinity":65,"f:118:36:118:42":8,"s:119:23:119:Infinity":66,"s:120:20:120:Infinity":67,"b:121:8:121:Infinity:undefined:undefined:undefined:undefined":15,"s:121:8:121:Infinity":68,"b:121:12:121:20:121:20:121:29":16,"s:121:29:121:Infinity":69,"s:123:8:123:Infinity":70,"s:124:8:124:Infinity":71,"s:125:8:125:Infinity":72,"s:126:8:126:Infinity":73,"s:127:8:127:Infinity":74,"s:130:4:168:Infinity":75,"b:145:17:145:Infinity:146:20:150:Infinity":17,"b:154:13:154:Infinity:155:16:166:Infinity":18}}}
,"/Users/Matteo/Desktop/messenger-frontend/src/components/app-sidebar.tsx": {"path":"/Users/Matteo/Desktop/messenger-frontend/src/components/app-sidebar.tsx","statementMap":{"0":{"start":{"line":6,"column":13},"end":{"line":135,"column":null}},"1":{"start":{"line":138,"column":2},"end":{"line":167,"column":null}},"2":{"start":{"line":150,"column":10},"end":{"line":163,"column":null}},"3":{"start":{"line":155,"column":18},"end":{"line":159,"column":null}}},"fnMap":{"0":{"name":"AppSidebar","decl":{"start":{"line":137,"column":16},"end":{"line":137,"column":27}},"loc":{"start":{"line":137,"column":79},"end":{"line":169,"column":null}},"line":137},"1":{"name":"(anonymous_1)","decl":{"start":{"line":149,"column":26},"end":{"line":149,"column":27}},"loc":{"start":{"line":150,"column":10},"end":{"line":163,"column":null}},"line":150},"2":{"name":"(anonymous_2)","decl":{"start":{"line":154,"column":32},"end":{"line":154,"column":33}},"loc":{"start":{"line":155,"column":18},"end":{"line":159,"column":null}},"line":155}},"branchMap":{},"s":{"0":0,"1":0,"2":0,"3":0},"f":{"0":0,"1":0,"2":0},"b":{},"meta":{"lastBranch":0,"lastFunction":3,"lastStatement":4,"seen":{"s:6:13:135:Infinity":0,"f:137:16:137:27":0,"s:138:2:167:Infinity":1,"f:149:26:149:27":1,"s:150:10:163:Infinity":2,"f:154:32:154:33":2,"s:155:18:159:Infinity":3}}}
,"/Users/Matteo/Desktop/messenger-frontend/src/components/mode-toggle.tsx": {"path":"/Users/Matteo/Desktop/messenger-frontend/src/components/mode-toggle.tsx","statementMap":{"0":{"start":{"line":12,"column":28},"end":{"line":12,"column":null}},"1":{"start":{"line":14,"column":24},"end":{"line":18,"column":null}},"2":{"start":{"line":15,"column":8},"end":{"line":17,"column":null}},"3":{"start":{"line":15,"column":31},"end":{"line":15,"column":null}},"4":{"start":{"line":15,"column":46},"end":{"line":17,"column":null}},"5":{"start":{"line":16,"column":35},"end":{"line":16,"column":null}},"6":{"start":{"line":17,"column":13},"end":{"line":17,"column":null}},"7":{"start":{"line":20,"column":4},"end":{"line":47,"column":null}}},"fnMap":{"0":{"name":"ModeToggle","decl":{"start":{"line":11,"column":16},"end":{"line":11,"column":27}},"loc":{"start":{"line":11,"column":77},"end":{"line":49,"column":null}},"line":11},"1":{"name":"(anonymous_1)","decl":{"start":{"line":14,"column":24},"end":{"line":14,"column":30}},"loc":{"start":{"line":14,"column":30},"end":{"line":18,"column":null}},"line":14}},"branchMap":{"0":{"loc":{"start":{"line":11,"column":40},"end":{"line":11,"column":57}},"type":"default-arg","locations":[{"start":{"line":11,"column":52},"end":{"line":11,"column":57}}],"line":11},"1":{"loc":{"start":{"line":15,"column":8},"end":{"line":17,"column":null}},"type":"if","locations":[{"start":{"line":15,"column":8},"end":{"line":17,"column":null}},{"start":{"line":15,"column":46},"end":{"line":17,"column":null}}],"line":15},"2":{"loc":{"start":{"line":15,"column":46},"end":{"line":17,"column":null}},"type":"if","locations":[{"start":{"line":15,"column":46},"end":{"line":17,"column":null}},{"start":{"line":17,"column":13},"end":{"line":17,"column":null}}],"line":15},"3":{"loc":{"start":{"line":23,"column":18},"end":{"line":23,"column":null}},"type":"cond-expr","locations":[{"start":{"line":23,"column":30},"end":{"line":23,"column":37}},{"start":{"line":23,"column":37},"end":{"line":23,"column":null}}],"line":23},"4":{"loc":{"start":{"line":27,"column":16},"end":{"line":27,"column":null}},"type":"cond-expr","locations":[{"start":{"line":27,"column":28},"end":{"line":27,"column":47}},{"start":{"line":27,"column":47},"end":{"line":27,"column":null}}],"line":27},"5":{"loc":{"start":{"line":30,"column":35},"end":{"line":30,"column":105}},"type":"cond-expr","locations":[{"start":{"line":30,"column":56},"end":{"line":30,"column":68}},{"start":{"line":30,"column":68},"end":{"line":30,"column":105}}],"line":30},"6":{"loc":{"start":{"line":30,"column":68},"end":{"line":30,"column":105}},"type":"cond-expr","locations":[{"start":{"line":30,"column":87},"end":{"line":30,"column":98}},{"start":{"line":30,"column":98},"end":{"line":30,"column":105}}],"line":30},"7":{"loc":{"start":{"line":35,"column":20},"end":{"line":35,"column":null}},"type":"cond-expr","locations":[{"start":{"line":35,"column":41},"end":{"line":35,"column":63}},{"start":{"line":35,"column":63},"end":{"line":35,"column":null}}],"line":35},"8":{"loc":{"start":{"line":39,"column":20},"end":{"line":39,"column":null}},"type":"cond-expr","locations":[{"start":{"line":39,"column":41},"end":{"line":39,"column":63}},{"start":{"line":39,"column":63},"end":{"line":39,"column":null}}],"line":39},"9":{"loc":{"start":{"line":43,"column":20},"end":{"line":43,"column":null}},"type":"cond-expr","locations":[{"start":{"line":43,"column":41},"end":{"line":43,"column":64}},{"start":{"line":43,"column":64},"end":{"line":43,"column":null}}],"line":43},"10":{"loc":{"start":{"line":46,"column":13},"end":{"line":46,"column":null}},"type":"binary-expr","locations":[{"start":{"line":46,"column":13},"end":{"line":46,"column":26}},{"start":{"line":46,"column":26},"end":{"line":46,"column":null}}],"line":46}},"s":{"0":18,"1":18,"2":0,"3":0,"4":0,"5":0,"6":0,"7":18},"f":{"0":18,"1":0},"b":{"0":[18],"1":[0,0],"2":[0,0],"3":[0,18],"4":[0,18],"5":[0,18],"6":[0,18],"7":[0,18],"8":[0,18],"9":[0,18],"10":[18,0]},"meta":{"lastBranch":11,"lastFunction":2,"lastStatement":8,"seen":{"f:11:16:11:27":0,"b:11:52:11:57":0,"s:12:28:12:Infinity":0,"s:14:24:18:Infinity":1,"f:14:24:14:30":1,"b:15:8:17:Infinity:15:46:17:Infinity":1,"s:15:8:17:Infinity":2,"s:15:31:15:Infinity":3,"b:15:46:17:Infinity:17:13:17:Infinity":2,"s:15:46:17:Infinity":4,"s:16:35:16:Infinity":5,"s:17:13:17:Infinity":6,"s:20:4:47:Infinity":7,"b:23:30:23:37:23:37:23:Infinity":3,"b:27:28:27:47:27:47:27:Infinity":4,"b:30:56:30:68:30:68:30:105":5,"b:30:87:30:98:30:98:30:105":6,"b:35:41:35:63:35:63:35:Infinity":7,"b:39:41:39:63:39:63:39:Infinity":8,"b:43:41:43:64:43:64:43:Infinity":9,"b:46:13:46:26:46:26:46:Infinity":10}}}
,"/Users/Matteo/Desktop/messenger-frontend/src/components/search-form.tsx": {"path":"/Users/Matteo/Desktop/messenger-frontend/src/components/search-form.tsx","statementMap":{"0":{"start":{"line":6,"column":2},"end":{"line":21,"column":null}}},"fnMap":{"0":{"name":"SearchForm","decl":{"start":{"line":5,"column":16},"end":{"line":5,"column":27}},"loc":{"start":{"line":5,"column":71},"end":{"line":23,"column":null}},"line":5}},"branchMap":{},"s":{"0":0},"f":{"0":0},"b":{},"meta":{"lastBranch":0,"lastFunction":1,"lastStatement":1,"seen":{"f:5:16:5:27":0,"s:6:2:21:Infinity":0}}}
,"/Users/Matteo/Desktop/messenger-frontend/src/components/theme-provider.tsx": {"path":"/Users/Matteo/Desktop/messenger-frontend/src/components/theme-provider.tsx","statementMap":{"0":{"start":{"line":4,"column":4},"end":{"line":4,"column":null}}},"fnMap":{"0":{"name":"ThemeProvider","decl":{"start":{"line":3,"column":16},"end":{"line":3,"column":30}},"loc":{"start":{"line":3,"column":74},"end":{"line":5,"column":null}},"line":3}},"branchMap":{},"s":{"0":0},"f":{"0":0},"b":{},"meta":{"lastBranch":0,"lastFunction":1,"lastStatement":1,"seen":{"f:3:16:3:30":0,"s:4:4:4:Infinity":0}}}
,"/Users/Matteo/Desktop/messenger-frontend/src/components/version-switcher.tsx": {"path":"/Users/Matteo/Desktop/messenger-frontend/src/components/version-switcher.tsx","statementMap":{"0":{"start":{"line":13,"column":48},"end":{"line":13,"column":null}},"1":{"start":{"line":15,"column":2},"end":{"line":50,"column":null}},"2":{"start":{"line":39,"column":14},"end":{"line":45,"column":null}},"3":{"start":{"line":41,"column":32},"end":{"line":41,"column":null}}},"fnMap":{"0":{"name":"VersionSwitcher","decl":{"start":{"line":6,"column":16},"end":{"line":6,"column":32}},"loc":{"start":{"line":12,"column":3},"end":{"line":52,"column":null}},"line":12},"1":{"name":"(anonymous_1)","decl":{"start":{"line":38,"column":26},"end":{"line":38,"column":27}},"loc":{"start":{"line":39,"column":14},"end":{"line":45,"column":null}},"line":39},"2":{"name":"(anonymous_2)","decl":{"start":{"line":41,"column":26},"end":{"line":41,"column":32}},"loc":{"start":{"line":41,"column":32},"end":{"line":41,"column":null}},"line":41}},"branchMap":{"0":{"loc":{"start":{"line":44,"column":17},"end":{"line":44,"column":null}},"type":"binary-expr","locations":[{"start":{"line":44,"column":17},"end":{"line":44,"column":48}},{"start":{"line":44,"column":48},"end":{"line":44,"column":null}}],"line":44}},"s":{"0":0,"1":0,"2":0,"3":0},"f":{"0":0,"1":0,"2":0},"b":{"0":[0,0]},"meta":{"lastBranch":1,"lastFunction":3,"lastStatement":4,"seen":{"f:6:16:6:32":0,"s:13:48:13:Infinity":0,"s:15:2:50:Infinity":1,"f:38:26:38:27":1,"s:39:14:45:Infinity":2,"f:41:26:41:32":2,"s:41:32:41:Infinity":3,"b:44:17:44:48:44:48:44:Infinity":0}}}
,"/Users/Matteo/Desktop/messenger-frontend/src/components/admin/ConcesionarioForm.tsx": {"path":"/Users/Matteo/Desktop/messenger-frontend/src/components/admin/ConcesionarioForm.tsx","statementMap":{"0":{"start":{"line":14,"column":65},"end":{"line":14,"column":null}},"1":{"start":{"line":15,"column":25},"end":{"line":15,"column":null}},"2":{"start":{"line":17,"column":4},"end":{"line":92,"column":null}},"3":{"start":{"line":72,"column":46},"end":{"line":72,"column":null}},"4":{"start":{"line":81,"column":32},"end":{"line":83,"column":null}}},"fnMap":{"0":{"name":"ConcesionarioForm","decl":{"start":{"line":13,"column":16},"end":{"line":13,"column":34}},"loc":{"start":{"line":13,"column":78},"end":{"line":94,"column":null}},"line":13},"1":{"name":"(anonymous_1)","decl":{"start":{"line":72,"column":35},"end":{"line":72,"column":36}},"loc":{"start":{"line":72,"column":46},"end":{"line":72,"column":null}},"line":72},"2":{"name":"(anonymous_2)","decl":{"start":{"line":80,"column":39},"end":{"line":80,"column":40}},"loc":{"start":{"line":81,"column":32},"end":{"line":83,"column":null}},"line":81}},"branchMap":{"0":{"loc":{"start":{"line":29,"column":17},"end":{"line":30,"column":null}},"type":"binary-expr","locations":[{"start":{"line":29,"column":17},"end":{"line":29,"column":null}},{"start":{"line":30,"column":20},"end":{"line":30,"column":null}}],"line":29},"1":{"loc":{"start":{"line":44,"column":17},"end":{"line":45,"column":null}},"type":"binary-expr","locations":[{"start":{"line":44,"column":17},"end":{"line":44,"column":null}},{"start":{"line":45,"column":20},"end":{"line":45,"column":null}}],"line":44},"2":{"loc":{"start":{"line":60,"column":17},"end":{"line":61,"column":null}},"type":"binary-expr","locations":[{"start":{"line":60,"column":17},"end":{"line":60,"column":null}},{"start":{"line":61,"column":20},"end":{"line":61,"column":null}}],"line":60},"3":{"loc":{"start":{"line":88,"column":17},"end":{"line":89,"column":null}},"type":"binary-expr","locations":[{"start":{"line":88,"column":17},"end":{"line":88,"column":null}},{"start":{"line":89,"column":20},"end":{"line":89,"column":null}}],"line":88}},"s":{"0":0,"1":0,"2":0,"3":0,"4":0},"f":{"0":0,"1":0,"2":0},"b":{"0":[0,0],"1":[0,0],"2":[0,0],"3":[0,0]},"meta":{"lastBranch":4,"lastFunction":3,"lastStatement":5,"seen":{"f:13:16:13:34":0,"s:14:65:14:Infinity":0,"s:15:25:15:Infinity":1,"s:17:4:92:Infinity":2,"b:29:17:29:Infinity:30:20:30:Infinity":0,"b:44:17:44:Infinity:45:20:45:Infinity":1,"b:60:17:60:Infinity:61:20:61:Infinity":2,"f:72:35:72:36":1,"s:72:46:72:Infinity":3,"f:80:39:80:40":2,"s:81:32:83:Infinity":4,"b:88:17:88:Infinity:89:20:89:Infinity":3}}}
,"/Users/Matteo/Desktop/messenger-frontend/src/components/admin/DeletedServiceDialogs.tsx": {"path":"/Users/Matteo/Desktop/messenger-frontend/src/components/admin/DeletedServiceDialogs.tsx","statementMap":{"0":{"start":{"line":12,"column":4},"end":{"line":31,"column":null}},"1":{"start":{"line":44,"column":22},"end":{"line":44,"column":null}},"2":{"start":{"line":46,"column":4},"end":{"line":71,"column":null}}},"fnMap":{"0":{"name":"EmptyTrashDialog","decl":{"start":{"line":11,"column":16},"end":{"line":11,"column":33}},"loc":{"start":{"line":11,"column":100},"end":{"line":33,"column":null}},"line":11},"1":{"name":"ConfirmTrashActionDialog","decl":{"start":{"line":43,"column":16},"end":{"line":43,"column":41}},"loc":{"start":{"line":43,"column":128},"end":{"line":73,"column":null}},"line":43}},"branchMap":{"0":{"loc":{"start":{"line":50,"column":39},"end":{"line":50,"column":105}},"type":"cond-expr","locations":[{"start":{"line":50,"column":51},"end":{"line":50,"column":76}},{"start":{"line":50,"column":76},"end":{"line":50,"column":105}}],"line":50},"1":{"loc":{"start":{"line":52,"column":25},"end":{"line":55,"column":null}},"type":"cond-expr","locations":[{"start":{"line":53,"column":28},"end":{"line":53,"column":null}},{"start":{"line":55,"column":28},"end":{"line":55,"column":null}}],"line":52},"2":{"loc":{"start":{"line":63,"column":35},"end":{"line":63,"column":null}},"type":"cond-expr","locations":[{"start":{"line":63,"column":47},"end":{"line":63,"column":98}},{"start":{"line":63,"column":98},"end":{"line":63,"column":null}}],"line":63},"3":{"loc":{"start":{"line":65,"column":25},"end":{"line":66,"column":null}},"type":"cond-expr","locations":[{"start":{"line":65,"column":37},"end":{"line":65,"column":null}},{"start":{"line":66,"column":28},"end":{"line":66,"column":null}}],"line":65}},"s":{"0":0,"1":0,"2":0},"f":{"0":0,"1":0},"b":{"0":[0,0],"1":[0,0],"2":[0,0],"3":[0,0]},"meta":{"lastBranch":4,"lastFunction":2,"lastStatement":3,"seen":{"f:11:16:11:33":0,"s:12:4:31:Infinity":0,"f:43:16:43:41":1,"s:44:22:44:Infinity":1,"s:46:4:71:Infinity":2,"b:50:51:50:76:50:76:50:105":0,"b:53:28:53:Infinity:55:28:55:Infinity":1,"b:63:47:63:98:63:98:63:Infinity":2,"b:65:37:65:Infinity:66:28:66:Infinity":3}}}
,"/Users/Matteo/Desktop/messenger-frontend/src/components/admin/DeletedServiceList.tsx": {"path":"/Users/Matteo/Desktop/messenger-frontend/src/components/admin/DeletedServiceList.tsx","statementMap":{"0":{"start":{"line":21,"column":54},"end":{"line":21,"column":null}},"1":{"start":{"line":22,"column":10},"end":{"line":22,"column":null}},"2":{"start":{"line":24,"column":4},"end":{"line":80,"column":null}},"3":{"start":{"line":58,"column":43},"end":{"line":58,"column":null}},"4":{"start":{"line":74,"column":20},"end":{"line":74,"column":null}},"5":{"start":{"line":75,"column":20},"end":{"line":75,"column":null}},"6":{"start":{"line":92,"column":4},"end":{"line":105,"column":null}},"7":{"start":{"line":96,"column":20},"end":{"line":102,"column":null}}},"fnMap":{"0":{"name":"DeletedServiceCard","decl":{"start":{"line":20,"column":16},"end":{"line":20,"column":35}},"loc":{"start":{"line":20,"column":111},"end":{"line":82,"column":null}},"line":20},"1":{"name":"(anonymous_1)","decl":{"start":{"line":58,"column":37},"end":{"line":58,"column":43}},"loc":{"start":{"line":58,"column":43},"end":{"line":58,"column":null}},"line":58},"2":{"name":"(anonymous_2)","decl":{"start":{"line":73,"column":27},"end":{"line":73,"column":33}},"loc":{"start":{"line":73,"column":33},"end":{"line":76,"column":null}},"line":73},"3":{"name":"DeletedServiceList","decl":{"start":{"line":91,"column":16},"end":{"line":91,"column":35}},"loc":{"start":{"line":91,"column":112},"end":{"line":107,"column":null}},"line":91},"4":{"name":"(anonymous_4)","decl":{"start":{"line":95,"column":30},"end":{"line":95,"column":31}},"loc":{"start":{"line":96,"column":20},"end":{"line":102,"column":null}},"line":96}},"branchMap":{"0":{"loc":{"start":{"line":48,"column":52},"end":{"line":48,"column":102}},"type":"cond-expr","locations":[{"start":{"line":48,"column":73},"end":{"line":48,"column":89}},{"start":{"line":48,"column":89},"end":{"line":48,"column":102}}],"line":48},"1":{"loc":{"start":{"line":60,"column":29},"end":{"line":63,"column":null}},"type":"cond-expr","locations":[{"start":{"line":61,"column":32},"end":{"line":61,"column":null}},{"start":{"line":63,"column":32},"end":{"line":63,"column":null}}],"line":60}},"s":{"0":0,"1":0,"2":0,"3":0,"4":0,"5":0,"6":0,"7":0},"f":{"0":0,"1":0,"2":0,"3":0,"4":0},"b":{"0":[0,0],"1":[0,0]},"meta":{"lastBranch":2,"lastFunction":5,"lastStatement":8,"seen":{"f:20:16:20:35":0,"s:21:54:21:Infinity":0,"s:22:10:22:Infinity":1,"s:24:4:80:Infinity":2,"b:48:73:48:89:48:89:48:102":0,"f:58:37:58:43":1,"s:58:43:58:Infinity":3,"b:61:32:61:Infinity:63:32:63:Infinity":1,"f:73:27:73:33":2,"s:74:20:74:Infinity":4,"s:75:20:75:Infinity":5,"f:91:16:91:35":3,"s:92:4:105:Infinity":6,"f:95:30:95:31":4,"s:96:20:102:Infinity":7}}}
,"/Users/Matteo/Desktop/messenger-frontend/src/components/admin/DeletedServiceSkeletons.tsx": {"path":"/Users/Matteo/Desktop/messenger-frontend/src/components/admin/DeletedServiceSkeletons.tsx","statementMap":{"0":{"start":{"line":10,"column":4},"end":{"line":42,"column":null}},"1":{"start":{"line":51,"column":4},"end":{"line":81,"column":null}}},"fnMap":{"0":{"name":"DeletedServiceRowSkeleton","decl":{"start":{"line":9,"column":16},"end":{"line":9,"column":44}},"loc":{"start":{"line":9,"column":44},"end":{"line":44,"column":null}},"line":9},"1":{"name":"DeletedServiceCardSkeleton","decl":{"start":{"line":50,"column":16},"end":{"line":50,"column":45}},"loc":{"start":{"line":50,"column":45},"end":{"line":83,"column":null}},"line":50}},"branchMap":{},"s":{"0":0,"1":0},"f":{"0":0,"1":0},"b":{},"meta":{"lastBranch":0,"lastFunction":2,"lastStatement":2,"seen":{"f:9:16:9:44":0,"s:10:4:42:Infinity":0,"f:50:16:50:45":1,"s:51:4:81:Infinity":1}}}
,"/Users/Matteo/Desktop/messenger-frontend/src/components/admin/DeletedServiceTable.tsx": {"path":"/Users/Matteo/Desktop/messenger-frontend/src/components/admin/DeletedServiceTable.tsx","statementMap":{"0":{"start":{"line":26,"column":36},"end":{"line":26,"column":null}},"1":{"start":{"line":27,"column":10},"end":{"line":27,"column":null}},"2":{"start":{"line":29,"column":4},"end":{"line":119,"column":null}},"3":{"start":{"line":74,"column":51},"end":{"line":74,"column":null}},"4":{"start":{"line":93,"column":51},"end":{"line":93,"column":null}},"5":{"start":{"line":110,"column":40},"end":{"line":110,"column":null}},"6":{"start":{"line":114,"column":20},"end":{"line":115,"column":null}},"7":{"start":{"line":114,"column":50},"end":{"line":114,"column":null}},"8":{"start":{"line":114,"column":85},"end":{"line":115,"column":null}},"9":{"start":{"line":115,"column":64},"end":{"line":115,"column":null}},"10":{"start":{"line":116,"column":20},"end":{"line":116,"column":null}},"11":{"start":{"line":133,"column":4},"end":{"line":160,"column":null}},"12":{"start":{"line":148,"column":24},"end":{"line":156,"column":null}}},"fnMap":{"0":{"name":"DeletedServiceRow","decl":{"start":{"line":25,"column":16},"end":{"line":25,"column":34}},"loc":{"start":{"line":25,"column":131},"end":{"line":121,"column":null}},"line":25},"1":{"name":"(anonymous_1)","decl":{"start":{"line":74,"column":45},"end":{"line":74,"column":51}},"loc":{"start":{"line":74,"column":51},"end":{"line":74,"column":null}},"line":74},"2":{"name":"(anonymous_2)","decl":{"start":{"line":93,"column":45},"end":{"line":93,"column":51}},"loc":{"start":{"line":93,"column":51},"end":{"line":93,"column":null}},"line":93},"3":{"name":"(anonymous_3)","decl":{"start":{"line":110,"column":30},"end":{"line":110,"column":31}},"loc":{"start":{"line":110,"column":40},"end":{"line":110,"column":null}},"line":110},"4":{"name":"(anonymous_4)","decl":{"start":{"line":113,"column":27},"end":{"line":113,"column":33}},"loc":{"start":{"line":113,"column":33},"end":{"line":117,"column":null}},"line":113},"5":{"name":"DeletedServiceTable","decl":{"start":{"line":132,"column":16},"end":{"line":132,"column":36}},"loc":{"start":{"line":132,"column":136},"end":{"line":162,"column":null}},"line":132},"6":{"name":"(anonymous_6)","decl":{"start":{"line":147,"column":34},"end":{"line":147,"column":35}},"loc":{"start":{"line":148,"column":24},"end":{"line":156,"column":null}},"line":148}},"branchMap":{"0":{"loc":{"start":{"line":61,"column":36},"end":{"line":61,"column":null}},"type":"cond-expr","locations":[{"start":{"line":61,"column":57},"end":{"line":61,"column":73}},{"start":{"line":61,"column":73},"end":{"line":61,"column":null}}],"line":61},"1":{"loc":{"start":{"line":73,"column":46},"end":{"line":73,"column":null}},"type":"binary-expr","locations":[{"start":{"line":73,"column":46},"end":{"line":73,"column":61}},{"start":{"line":73,"column":61},"end":{"line":73,"column":null}}],"line":73},"2":{"loc":{"start":{"line":76,"column":37},"end":{"line":79,"column":null}},"type":"cond-expr","locations":[{"start":{"line":77,"column":40},"end":{"line":77,"column":null}},{"start":{"line":79,"column":40},"end":{"line":79,"column":null}}],"line":76},"3":{"loc":{"start":{"line":92,"column":46},"end":{"line":92,"column":null}},"type":"binary-expr","locations":[{"start":{"line":92,"column":46},"end":{"line":92,"column":61}},{"start":{"line":92,"column":61},"end":{"line":92,"column":null}}],"line":92},"4":{"loc":{"start":{"line":95,"column":37},"end":{"line":98,"column":null}},"type":"cond-expr","locations":[{"start":{"line":96,"column":40},"end":{"line":96,"column":null}},{"start":{"line":98,"column":40},"end":{"line":98,"column":null}}],"line":95},"5":{"loc":{"start":{"line":110,"column":40},"end":{"line":110,"column":null}},"type":"binary-expr","locations":[{"start":{"line":110,"column":40},"end":{"line":110,"column":49}},{"start":{"line":110,"column":49},"end":{"line":110,"column":null}}],"line":110},"6":{"loc":{"start":{"line":111,"column":22},"end":{"line":111,"column":null}},"type":"binary-expr","locations":[{"start":{"line":111,"column":22},"end":{"line":111,"column":36}},{"start":{"line":111,"column":36},"end":{"line":111,"column":null}}],"line":111},"7":{"loc":{"start":{"line":114,"column":20},"end":{"line":115,"column":null}},"type":"if","locations":[{"start":{"line":114,"column":20},"end":{"line":115,"column":null}},{"start":{"line":114,"column":85},"end":{"line":115,"column":null}}],"line":114},"8":{"loc":{"start":{"line":114,"column":85},"end":{"line":115,"column":null}},"type":"if","locations":[{"start":{"line":114,"column":85},"end":{"line":115,"column":null}},{"start":{},"end":{}}],"line":114}},"s":{"0":0,"1":0,"2":0,"3":0,"4":0,"5":0,"6":0,"7":0,"8":0,"9":0,"10":0,"11":0,"12":0},"f":{"0":0,"1":0,"2":0,"3":0,"4":0,"5":0,"6":0},"b":{"0":[0,0],"1":[0,0],"2":[0,0],"3":[0,0],"4":[0,0],"5":[0,0],"6":[0,0],"7":[0,0],"8":[0,0]},"meta":{"lastBranch":9,"lastFunction":7,"lastStatement":13,"seen":{"f:25:16:25:34":0,"s:26:36:26:Infinity":0,"s:27:10:27:Infinity":1,"s:29:4:119:Infinity":2,"b:61:57:61:73:61:73:61:Infinity":0,"b:73:46:73:61:73:61:73:Infinity":1,"f:74:45:74:51":1,"s:74:51:74:Infinity":3,"b:77:40:77:Infinity:79:40:79:Infinity":2,"b:92:46:92:61:92:61:92:Infinity":3,"f:93:45:93:51":2,"s:93:51:93:Infinity":4,"b:96:40:96:Infinity:98:40:98:Infinity":4,"f:110:30:110:31":3,"s:110:40:110:Infinity":5,"b:110:40:110:49:110:49:110:Infinity":5,"b:111:22:111:36:111:36:111:Infinity":6,"f:113:27:113:33":4,"b:114:20:115:Infinity:114:85:115:Infinity":7,"s:114:20:115:Infinity":6,"s:114:50:114:Infinity":7,"b:114:85:115:Infinity:undefined:undefined:undefined:undefined":8,"s:114:85:115:Infinity":8,"s:115:64:115:Infinity":9,"s:116:20:116:Infinity":10,"f:132:16:132:36":5,"s:133:4:160:Infinity":11,"f:147:34:147:35":6,"s:148:24:156:Infinity":12}}}
,"/Users/Matteo/Desktop/messenger-frontend/src/components/admin/MessengerActivity.tsx": {"path":"/Users/Matteo/Desktop/messenger-frontend/src/components/admin/MessengerActivity.tsx","statementMap":{"0":{"start":{"line":35,"column":4},"end":{"line":62,"column":null}},"1":{"start":{"line":83,"column":4},"end":{"line":181,"column":null}},"2":{"start":{"line":103,"column":48},"end":{"line":103,"column":null}},"3":{"start":{"line":104,"column":48},"end":{"line":104,"column":null}},"4":{"start":{"line":115,"column":24},"end":{"line":121,"column":null}},"5":{"start":{"line":135,"column":24},"end":{"line":172,"column":null}}},"fnMap":{"0":{"name":"MessengerProductivity","decl":{"start":{"line":34,"column":16},"end":{"line":34,"column":38}},"loc":{"start":{"line":34,"column":77},"end":{"line":64,"column":null}},"line":34},"1":{"name":"MessengerActivityTimeline","decl":{"start":{"line":75,"column":16},"end":{"line":75,"column":42}},"loc":{"start":{"line":82,"column":35},"end":{"line":183,"column":null}},"line":82},"2":{"name":"(anonymous_2)","decl":{"start":{"line":103,"column":38},"end":{"line":103,"column":39}},"loc":{"start":{"line":103,"column":48},"end":{"line":103,"column":null}},"line":103},"3":{"name":"(anonymous_3)","decl":{"start":{"line":104,"column":38},"end":{"line":104,"column":39}},"loc":{"start":{"line":104,"column":48},"end":{"line":104,"column":null}},"line":104},"4":{"name":"(anonymous_4)","decl":{"start":{"line":114,"column":35},"end":{"line":114,"column":null}},"loc":{"start":{"line":115,"column":24},"end":{"line":121,"column":null}},"line":115},"5":{"name":"(anonymous_5)","decl":{"start":{"line":134,"column":33},"end":{"line":134,"column":34}},"loc":{"start":{"line":135,"column":24},"end":{"line":172,"column":null}},"line":135}},"branchMap":{"0":{"loc":{"start":{"line":47,"column":54},"end":{"line":47,"column":76}},"type":"binary-expr","locations":[{"start":{"line":47,"column":54},"end":{"line":47,"column":74}},{"start":{"line":47,"column":74},"end":{"line":47,"column":76}}],"line":47},"1":{"loc":{"start":{"line":51,"column":54},"end":{"line":51,"column":75}},"type":"binary-expr","locations":[{"start":{"line":51,"column":54},"end":{"line":51,"column":73}},{"start":{"line":51,"column":73},"end":{"line":51,"column":75}}],"line":51},"2":{"loc":{"start":{"line":55,"column":54},"end":{"line":55,"column":72}},"type":"binary-expr","locations":[{"start":{"line":55,"column":54},"end":{"line":55,"column":70}},{"start":{"line":55,"column":70},"end":{"line":55,"column":72}}],"line":55},"3":{"loc":{"start":{"line":59,"column":54},"end":{"line":59,"column":74}},"type":"binary-expr","locations":[{"start":{"line":59,"column":54},"end":{"line":59,"column":72}},{"start":{"line":59,"column":72},"end":{"line":59,"column":74}}],"line":59},"4":{"loc":{"start":{"line":103,"column":48},"end":{"line":103,"column":null}},"type":"binary-expr","locations":[{"start":{"line":103,"column":48},"end":{"line":103,"column":56}},{"start":{"line":103,"column":56},"end":{"line":103,"column":null}}],"line":103},"5":{"loc":{"start":{"line":104,"column":48},"end":{"line":104,"column":null}},"type":"binary-expr","locations":[{"start":{"line":104,"column":48},"end":{"line":104,"column":69}},{"start":{"line":104,"column":69},"end":{"line":104,"column":null}}],"line":104},"6":{"loc":{"start":{"line":112,"column":13},"end":{"line":179,"column":null}},"type":"cond-expr","locations":[{"start":{"line":113,"column":16},"end":{"line":123,"column":null}},{"start":{"line":124,"column":16},"end":{"line":179,"column":null}}],"line":112},"7":{"loc":{"start":{"line":124,"column":16},"end":{"line":179,"column":null}},"type":"cond-expr","locations":[{"start":{"line":125,"column":16},"end":{"line":131,"column":null}},{"start":{"line":132,"column":16},"end":{"line":179,"column":null}}],"line":124},"8":{"loc":{"start":{"line":132,"column":16},"end":{"line":179,"column":null}},"type":"cond-expr","locations":[{"start":{"line":133,"column":16},"end":{"line":174,"column":null}},{"start":{"line":176,"column":16},"end":{"line":179,"column":null}}],"line":132},"9":{"loc":{"start":{"line":147,"column":54},"end":{"line":147,"column":null}},"type":"binary-expr","locations":[{"start":{"line":147,"column":54},"end":{"line":147,"column":71}},{"start":{"line":147,"column":71},"end":{"line":147,"column":null}}],"line":147},"10":{"loc":{"start":{"line":153,"column":37},"end":{"line":156,"column":null}},"type":"binary-expr","locations":[{"start":{"line":153,"column":37},"end":{"line":153,"column":null}},{"start":{"line":154,"column":40},"end":{"line":156,"column":null}}],"line":153},"11":{"loc":{"start":{"line":158,"column":37},"end":{"line":163,"column":null}},"type":"cond-expr","locations":[{"start":{"line":159,"column":40},"end":{"line":162,"column":null}},{"start":{"line":163,"column":40},"end":{"line":163,"column":null}}],"line":158},"12":{"loc":{"start":{"line":158,"column":37},"end":{"line":158,"column":null}},"type":"binary-expr","locations":[{"start":{"line":158,"column":37},"end":{"line":158,"column":50}},{"start":{"line":158,"column":50},"end":{"line":158,"column":null}}],"line":158},"13":{"loc":{"start":{"line":164,"column":37},"end":{"line":168,"column":null}},"type":"binary-expr","locations":[{"start":{"line":164,"column":37},"end":{"line":164,"column":null}},{"start":{"line":165,"column":40},"end":{"line":168,"column":null}}],"line":164}},"s":{"0":0,"1":0,"2":0,"3":0,"4":0,"5":0},"f":{"0":0,"1":0,"2":0,"3":0,"4":0,"5":0},"b":{"0":[0,0],"1":[0,0],"2":[0,0],"3":[0,0],"4":[0,0],"5":[0,0],"6":[0,0],"7":[0,0],"8":[0,0],"9":[0,0],"10":[0,0],"11":[0,0],"12":[0,0],"13":[0,0]},"meta":{"lastBranch":14,"lastFunction":6,"lastStatement":6,"seen":{"f:34:16:34:38":0,"s:35:4:62:Infinity":0,"b:47:54:47:74:47:74:47:76":0,"b:51:54:51:73:51:73:51:75":1,"b:55:54:55:70:55:70:55:72":2,"b:59:54:59:72:59:72:59:74":3,"f:75:16:75:42":1,"s:83:4:181:Infinity":1,"f:103:38:103:39":2,"s:103:48:103:Infinity":2,"b:103:48:103:56:103:56:103:Infinity":4,"f:104:38:104:39":3,"s:104:48:104:Infinity":3,"b:104:48:104:69:104:69:104:Infinity":5,"b:113:16:123:Infinity:124:16:179:Infinity":6,"f:114:35:114:Infinity":4,"s:115:24:121:Infinity":4,"b:125:16:131:Infinity:132:16:179:Infinity":7,"b:133:16:174:Infinity:176:16:179:Infinity":8,"f:134:33:134:34":5,"s:135:24:172:Infinity":5,"b:147:54:147:71:147:71:147:Infinity":9,"b:153:37:153:Infinity:154:40:156:Infinity":10,"b:159:40:162:Infinity:163:40:163:Infinity":11,"b:158:37:158:50:158:50:158:Infinity":12,"b:164:37:164:Infinity:165:40:168:Infinity":13}}}
,"/Users/Matteo/Desktop/messenger-frontend/src/components/camera/CameraCapture.tsx": {"path":"/Users/Matteo/Desktop/messenger-frontend/src/components/camera/CameraCapture.tsx","statementMap":{"0":{"start":{"line":25,"column":10},"end":{"line":25,"column":null}},"1":{"start":{"line":26,"column":10},"end":{"line":26,"column":null}},"2":{"start":{"line":27,"column":10},"end":{"line":27,"column":null}},"3":{"start":{"line":29,"column":40},"end":{"line":29,"column":null}},"4":{"start":{"line":30,"column":38},"end":{"line":30,"column":null}},"5":{"start":{"line":31,"column":38},"end":{"line":31,"column":null}},"6":{"start":{"line":33,"column":10},"end":{"line":43,"column":null}},"7":{"start":{"line":34,"column":8},"end":{"line":37,"column":null}},"8":{"start":{"line":35,"column":12},"end":{"line":35,"column":null}},"9":{"start":{"line":35,"column":59},"end":{"line":35,"column":71}},"10":{"start":{"line":36,"column":12},"end":{"line":36,"column":null}},"11":{"start":{"line":38,"column":8},"end":{"line":40,"column":null}},"12":{"start":{"line":39,"column":12},"end":{"line":39,"column":null}},"13":{"start":{"line":41,"column":8},"end":{"line":41,"column":null}},"14":{"start":{"line":42,"column":8},"end":{"line":42,"column":null}},"15":{"start":{"line":46,"column":4},"end":{"line":50,"column":null}},"16":{"start":{"line":47,"column":8},"end":{"line":49,"column":null}},"17":{"start":{"line":48,"column":12},"end":{"line":48,"column":null}},"18":{"start":{"line":52,"column":24},"end":{"line":92,"column":null}},"19":{"start":{"line":53,"column":8},"end":{"line":91,"column":null}},"20":{"start":{"line":54,"column":12},"end":{"line":54,"column":null}},"21":{"start":{"line":55,"column":12},"end":{"line":55,"column":null}},"22":{"start":{"line":56,"column":12},"end":{"line":56,"column":null}},"23":{"start":{"line":58,"column":27},"end":{"line":65,"column":null}},"24":{"start":{"line":67,"column":12},"end":{"line":67,"column":null}},"25":{"start":{"line":69,"column":12},"end":{"line":82,"column":null}},"26":{"start":{"line":70,"column":16},"end":{"line":70,"column":null}},"27":{"start":{"line":71,"column":16},"end":{"line":81,"column":null}},"28":{"start":{"line":72,"column":20},"end":{"line":80,"column":null}},"29":{"start":{"line":74,"column":28},"end":{"line":74,"column":null}},"30":{"start":{"line":75,"column":28},"end":{"line":75,"column":null}},"31":{"start":{"line":78,"column":28},"end":{"line":78,"column":null}},"32":{"start":{"line":79,"column":28},"end":{"line":79,"column":null}},"33":{"start":{"line":84,"column":12},"end":{"line":84,"column":null}},"34":{"start":{"line":85,"column":12},"end":{"line":85,"column":null}},"35":{"start":{"line":86,"column":12},"end":{"line":86,"column":null}},"36":{"start":{"line":87,"column":12},"end":{"line":90,"column":null}},"37":{"start":{"line":94,"column":25},"end":{"line":120,"column":null}},"38":{"start":{"line":95,"column":22},"end":{"line":95,"column":null}},"39":{"start":{"line":96,"column":23},"end":{"line":96,"column":null}},"40":{"start":{"line":98,"column":8},"end":{"line":101,"column":null}},"41":{"start":{"line":99,"column":12},"end":{"line":99,"column":null}},"42":{"start":{"line":100,"column":12},"end":{"line":100,"column":null}},"43":{"start":{"line":103,"column":8},"end":{"line":103,"column":null}},"44":{"start":{"line":104,"column":8},"end":{"line":104,"column":null}},"45":{"start":{"line":106,"column":20},"end":{"line":106,"column":null}},"46":{"start":{"line":107,"column":8},"end":{"line":107,"column":null}},"47":{"start":{"line":107,"column":18},"end":{"line":107,"column":null}},"48":{"start":{"line":109,"column":8},"end":{"line":109,"column":null}},"49":{"start":{"line":111,"column":8},"end":{"line":119,"column":null}},"50":{"start":{"line":112,"column":12},"end":{"line":118,"column":null}},"51":{"start":{"line":113,"column":29},"end":{"line":113,"column":null}},"52":{"start":{"line":114,"column":32},"end":{"line":114,"column":null}},"53":{"start":{"line":115,"column":16},"end":{"line":115,"column":null}},"54":{"start":{"line":116,"column":16},"end":{"line":116,"column":null}},"55":{"start":{"line":117,"column":16},"end":{"line":117,"column":null}},"56":{"start":{"line":122,"column":29},"end":{"line":141,"column":null}},"57":{"start":{"line":123,"column":21},"end":{"line":123,"column":null}},"58":{"start":{"line":124,"column":8},"end":{"line":124,"column":null}},"59":{"start":{"line":124,"column":19},"end":{"line":124,"column":null}},"60":{"start":{"line":126,"column":8},"end":{"line":129,"column":null}},"61":{"start":{"line":127,"column":12},"end":{"line":127,"column":null}},"62":{"start":{"line":128,"column":12},"end":{"line":128,"column":null}},"63":{"start":{"line":131,"column":8},"end":{"line":134,"column":null}},"64":{"start":{"line":132,"column":12},"end":{"line":132,"column":null}},"65":{"start":{"line":133,"column":12},"end":{"line":133,"column":null}},"66":{"start":{"line":136,"column":23},"end":{"line":136,"column":null}},"67":{"start":{"line":137,"column":8},"end":{"line":139,"column":null}},"68":{"start":{"line":138,"column":12},"end":{"line":138,"column":null}},"69":{"start":{"line":140,"column":8},"end":{"line":140,"column":null}},"70":{"start":{"line":143,"column":24},"end":{"line":148,"column":null}},"71":{"start":{"line":144,"column":8},"end":{"line":144,"column":null}},"72":{"start":{"line":145,"column":8},"end":{"line":145,"column":null}},"73":{"start":{"line":146,"column":26},"end":{"line":146,"column":null}},"74":{"start":{"line":147,"column":8},"end":{"line":147,"column":null}},"75":{"start":{"line":147,"column":23},"end":{"line":147,"column":null}},"76":{"start":{"line":151,"column":4},"end":{"line":170,"column":null}},"77":{"start":{"line":152,"column":8},"end":{"line":168,"column":null}},"78":{"start":{"line":173,"column":4},"end":{"line":234,"column":null}},"79":{"start":{"line":174,"column":8},"end":{"line":232,"column":null}},"80":{"start":{"line":237,"column":4},"end":{"line":281,"column":null}}},"fnMap":{"0":{"name":"CameraCapture","decl":{"start":{"line":18,"column":16},"end":{"line":18,"column":30}},"loc":{"start":{"line":23,"column":23},"end":{"line":283,"column":null}},"line":23},"1":{"name":"(anonymous_1)","decl":{"start":{"line":33,"column":35},"end":{"line":33,"column":41}},"loc":{"start":{"line":33,"column":41},"end":{"line":43,"column":7}},"line":33},"2":{"name":"(anonymous_2)","decl":{"start":{"line":35,"column":50},"end":{"line":35,"column":59}},"loc":{"start":{"line":35,"column":59},"end":{"line":35,"column":71}},"line":35},"3":{"name":"(anonymous_3)","decl":{"start":{"line":46,"column":14},"end":{"line":46,"column":20}},"loc":{"start":{"line":46,"column":20},"end":{"line":50,"column":7}},"line":46},"4":{"name":"(anonymous_4)","decl":{"start":{"line":47,"column":15},"end":{"line":47,"column":21}},"loc":{"start":{"line":47,"column":21},"end":{"line":49,"column":null}},"line":47},"5":{"name":"(anonymous_5)","decl":{"start":{"line":52,"column":24},"end":{"line":52,"column":36}},"loc":{"start":{"line":52,"column":36},"end":{"line":92,"column":null}},"line":52},"6":{"name":"(anonymous_6)","decl":{"start":{"line":71,"column":52},"end":{"line":71,"column":58}},"loc":{"start":{"line":71,"column":58},"end":{"line":81,"column":null}},"line":71},"7":{"name":"(anonymous_7)","decl":{"start":{"line":73,"column":30},"end":{"line":73,"column":36}},"loc":{"start":{"line":73,"column":36},"end":{"line":76,"column":25}},"line":73},"8":{"name":"(anonymous_8)","decl":{"start":{"line":77,"column":31},"end":{"line":77,"column":38}},"loc":{"start":{"line":77,"column":38},"end":{"line":80,"column":25}},"line":77},"9":{"name":"(anonymous_9)","decl":{"start":{"line":94,"column":25},"end":{"line":94,"column":31}},"loc":{"start":{"line":94,"column":31},"end":{"line":120,"column":null}},"line":94},"10":{"name":"(anonymous_10)","decl":{"start":{"line":111,"column":22},"end":{"line":111,"column":23}},"loc":{"start":{"line":111,"column":32},"end":{"line":119,"column":11}},"line":111},"11":{"name":"(anonymous_11)","decl":{"start":{"line":122,"column":29},"end":{"line":122,"column":30}},"loc":{"start":{"line":122,"column":73},"end":{"line":141,"column":null}},"line":122},"12":{"name":"(anonymous_12)","decl":{"start":{"line":137,"column":27},"end":{"line":137,"column":33}},"loc":{"start":{"line":137,"column":33},"end":{"line":139,"column":null}},"line":137},"13":{"name":"(anonymous_13)","decl":{"start":{"line":143,"column":24},"end":{"line":143,"column":30}},"loc":{"start":{"line":143,"column":30},"end":{"line":148,"column":null}},"line":143}},"branchMap":{"0":{"loc":{"start":{"line":34,"column":8},"end":{"line":37,"column":null}},"type":"if","locations":[{"start":{"line":34,"column":8},"end":{"line":37,"column":null}},{"start":{},"end":{}}],"line":34},"1":{"loc":{"start":{"line":38,"column":8},"end":{"line":40,"column":null}},"type":"if","locations":[{"start":{"line":38,"column":8},"end":{"line":40,"column":null}},{"start":{},"end":{}}],"line":38},"2":{"loc":{"start":{"line":69,"column":12},"end":{"line":82,"column":null}},"type":"if","locations":[{"start":{"line":69,"column":12},"end":{"line":82,"column":null}},{"start":{},"end":{}}],"line":69},"3":{"loc":{"start":{"line":98,"column":8},"end":{"line":101,"column":null}},"type":"if","locations":[{"start":{"line":98,"column":8},"end":{"line":101,"column":null}},{"start":{},"end":{}}],"line":98},"4":{"loc":{"start":{"line":98,"column":12},"end":{"line":98,"column":57}},"type":"binary-expr","locations":[{"start":{"line":98,"column":12},"end":{"line":98,"column":22}},{"start":{"line":98,"column":22},"end":{"line":98,"column":33}},{"start":{"line":98,"column":33},"end":{"line":98,"column":57}}],"line":98},"5":{"loc":{"start":{"line":107,"column":8},"end":{"line":107,"column":null}},"type":"if","locations":[{"start":{"line":107,"column":8},"end":{"line":107,"column":null}},{"start":{},"end":{}}],"line":107},"6":{"loc":{"start":{"line":112,"column":12},"end":{"line":118,"column":null}},"type":"if","locations":[{"start":{"line":112,"column":12},"end":{"line":118,"column":null}},{"start":{},"end":{}}],"line":112},"7":{"loc":{"start":{"line":124,"column":8},"end":{"line":124,"column":null}},"type":"if","locations":[{"start":{"line":124,"column":8},"end":{"line":124,"column":null}},{"start":{},"end":{}}],"line":124},"8":{"loc":{"start":{"line":126,"column":8},"end":{"line":129,"column":null}},"type":"if","locations":[{"start":{"line":126,"column":8},"end":{"line":129,"column":null}},{"start":{},"end":{}}],"line":126},"9":{"loc":{"start":{"line":131,"column":8},"end":{"line":134,"column":null}},"type":"if","locations":[{"start":{"line":131,"column":8},"end":{"line":134,"column":null}},{"start":{},"end":{}}],"line":131},"10":{"loc":{"start":{"line":147,"column":8},"end":{"line":147,"column":null}},"type":"if","locations":[{"start":{"line":147,"column":8},"end":{"line":147,"column":null}},{"start":{},"end":{}}],"line":147},"11":{"loc":{"start":{"line":151,"column":4},"end":{"line":170,"column":null}},"type":"if","locations":[{"start":{"line":151,"column":4},"end":{"line":170,"column":null}},{"start":{},"end":{}}],"line":151},"12":{"loc":{"start":{"line":173,"column":4},"end":{"line":234,"column":null}},"type":"if","locations":[{"start":{"line":173,"column":4},"end":{"line":234,"column":null}},{"start":{},"end":{}}],"line":173},"13":{"loc":{"start":{"line":185,"column":21},"end":{"line":191,"column":null}},"type":"binary-expr","locations":[{"start":{"line":185,"column":21},"end":{"line":185,"column":null}},{"start":{"line":186,"column":24},"end":{"line":191,"column":null}}],"line":185},"14":{"loc":{"start":{"line":193,"column":21},"end":{"line":199,"column":null}},"type":"binary-expr","locations":[{"start":{"line":193,"column":21},"end":{"line":193,"column":null}},{"start":{"line":194,"column":24},"end":{"line":199,"column":null}}],"line":193},"15":{"loc":{"start":{"line":210,"column":25},"end":{"line":219,"column":null}},"type":"cond-expr","locations":[{"start":{"line":211,"column":28},"end":{"line":214,"column":null}},{"start":{"line":216,"column":28},"end":{"line":219,"column":null}}],"line":210},"16":{"loc":{"start":{"line":252,"column":13},"end":{"line":256,"column":null}},"type":"binary-expr","locations":[{"start":{"line":252,"column":13},"end":{"line":252,"column":null}},{"start":{"line":253,"column":16},"end":{"line":256,"column":null}}],"line":252}},"s":{"0":0,"1":0,"2":0,"3":0,"4":0,"5":0,"6":0,"7":0,"8":0,"9":0,"10":0,"11":0,"12":0,"13":0,"14":0,"15":0,"16":0,"17":0,"18":0,"19":0,"20":0,"21":0,"22":0,"23":0,"24":0,"25":0,"26":0,"27":0,"28":0,"29":0,"30":0,"31":0,"32":0,"33":0,"34":0,"35":0,"36":0,"37":0,"38":0,"39":0,"40":0,"41":0,"42":0,"43":0,"44":0,"45":0,"46":0,"47":0,"48":0,"49":0,"50":0,"51":0,"52":0,"53":0,"54":0,"55":0,"56":0,"57":0,"58":0,"59":0,"60":0,"61":0,"62":0,"63":0,"64":0,"65":0,"66":0,"67":0,"68":0,"69":0,"70":0,"71":0,"72":0,"73":0,"74":0,"75":0,"76":0,"77":0,"78":0,"79":0,"80":0},"f":{"0":0,"1":0,"2":0,"3":0,"4":0,"5":0,"6":0,"7":0,"8":0,"9":0,"10":0,"11":0,"12":0,"13":0},"b":{"0":[0,0],"1":[0,0],"2":[0,0],"3":[0,0],"4":[0,0,0],"5":[0,0],"6":[0,0],"7":[0,0],"8":[0,0],"9":[0,0],"10":[0,0],"11":[0,0],"12":[0,0],"13":[0,0],"14":[0,0],"15":[0,0],"16":[0,0]},"meta":{"lastBranch":17,"lastFunction":14,"lastStatement":81,"seen":{"f:18:16:18:30":0,"s:25:10:25:Infinity":0,"s:26:10:26:Infinity":1,"s:27:10:27:Infinity":2,"s:29:40:29:Infinity":3,"s:30:38:30:Infinity":4,"s:31:38:31:Infinity":5,"s:33:10:43:Infinity":6,"f:33:35:33:41":1,"b:34:8:37:Infinity:undefined:undefined:undefined:undefined":0,"s:34:8:37:Infinity":7,"s:35:12:35:Infinity":8,"f:35:50:35:59":2,"s:35:59:35:71":9,"s:36:12:36:Infinity":10,"b:38:8:40:Infinity:undefined:undefined:undefined:undefined":1,"s:38:8:40:Infinity":11,"s:39:12:39:Infinity":12,"s:41:8:41:Infinity":13,"s:42:8:42:Infinity":14,"s:46:4:50:Infinity":15,"f:46:14:46:20":3,"s:47:8:49:Infinity":16,"f:47:15:47:21":4,"s:48:12:48:Infinity":17,"s:52:24:92:Infinity":18,"f:52:24:52:36":5,"s:53:8:91:Infinity":19,"s:54:12:54:Infinity":20,"s:55:12:55:Infinity":21,"s:56:12:56:Infinity":22,"s:58:27:65:Infinity":23,"s:67:12:67:Infinity":24,"b:69:12:82:Infinity:undefined:undefined:undefined:undefined":2,"s:69:12:82:Infinity":25,"s:70:16:70:Infinity":26,"s:71:16:81:Infinity":27,"f:71:52:71:58":6,"s:72:20:80:Infinity":28,"f:73:30:73:36":7,"s:74:28:74:Infinity":29,"s:75:28:75:Infinity":30,"f:77:31:77:38":8,"s:78:28:78:Infinity":31,"s:79:28:79:Infinity":32,"s:84:12:84:Infinity":33,"s:85:12:85:Infinity":34,"s:86:12:86:Infinity":35,"s:87:12:90:Infinity":36,"s:94:25:120:Infinity":37,"f:94:25:94:31":9,"s:95:22:95:Infinity":38,"s:96:23:96:Infinity":39,"b:98:8:101:Infinity:undefined:undefined:undefined:undefined":3,"s:98:8:101:Infinity":40,"b:98:12:98:22:98:22:98:33:98:33:98:57":4,"s:99:12:99:Infinity":41,"s:100:12:100:Infinity":42,"s:103:8:103:Infinity":43,"s:104:8:104:Infinity":44,"s:106:20:106:Infinity":45,"b:107:8:107:Infinity:undefined:undefined:undefined:undefined":5,"s:107:8:107:Infinity":46,"s:107:18:107:Infinity":47,"s:109:8:109:Infinity":48,"s:111:8:119:Infinity":49,"f:111:22:111:23":10,"b:112:12:118:Infinity:undefined:undefined:undefined:undefined":6,"s:112:12:118:Infinity":50,"s:113:29:113:Infinity":51,"s:114:32:114:Infinity":52,"s:115:16:115:Infinity":53,"s:116:16:116:Infinity":54,"s:117:16:117:Infinity":55,"s:122:29:141:Infinity":56,"f:122:29:122:30":11,"s:123:21:123:Infinity":57,"b:124:8:124:Infinity:undefined:undefined:undefined:undefined":7,"s:124:8:124:Infinity":58,"s:124:19:124:Infinity":59,"b:126:8:129:Infinity:undefined:undefined:undefined:undefined":8,"s:126:8:129:Infinity":60,"s:127:12:127:Infinity":61,"s:128:12:128:Infinity":62,"b:131:8:134:Infinity:undefined:undefined:undefined:undefined":9,"s:131:8:134:Infinity":63,"s:132:12:132:Infinity":64,"s:133:12:133:Infinity":65,"s:136:23:136:Infinity":66,"s:137:8:139:Infinity":67,"f:137:27:137:33":12,"s:138:12:138:Infinity":68,"s:140:8:140:Infinity":69,"s:143:24:148:Infinity":70,"f:143:24:143:30":13,"s:144:8:144:Infinity":71,"s:145:8:145:Infinity":72,"s:146:26:146:Infinity":73,"b:147:8:147:Infinity:undefined:undefined:undefined:undefined":10,"s:147:8:147:Infinity":74,"s:147:23:147:Infinity":75,"b:151:4:170:Infinity:undefined:undefined:undefined:undefined":11,"s:151:4:170:Infinity":76,"s:152:8:168:Infinity":77,"b:173:4:234:Infinity:undefined:undefined:undefined:undefined":12,"s:173:4:234:Infinity":78,"s:174:8:232:Infinity":79,"b:185:21:185:Infinity:186:24:191:Infinity":13,"b:193:21:193:Infinity:194:24:199:Infinity":14,"b:211:28:214:Infinity:216:28:219:Infinity":15,"s:237:4:281:Infinity":80,"b:252:13:252:Infinity:253:16:256:Infinity":16}}}
,"/Users/Matteo/Desktop/messenger-frontend/src/components/camera/PlateCamera.tsx": {"path":"/Users/Matteo/Desktop/messenger-frontend/src/components/camera/PlateCamera.tsx","statementMap":{"0":{"start":{"line":7,"column":6},"end":{"line":7,"column":null}},"1":{"start":{"line":23,"column":40},"end":{"line":23,"column":null}},"2":{"start":{"line":24,"column":38},"end":{"line":24,"column":null}},"3":{"start":{"line":25,"column":38},"end":{"line":25,"column":null}},"4":{"start":{"line":27,"column":10},"end":{"line":27,"column":null}},"5":{"start":{"line":28,"column":10},"end":{"line":28,"column":null}},"6":{"start":{"line":29,"column":10},"end":{"line":29,"column":null}},"7":{"start":{"line":30,"column":10},"end":{"line":30,"column":null}},"8":{"start":{"line":32,"column":10},"end":{"line":42,"column":null}},"9":{"start":{"line":33,"column":8},"end":{"line":36,"column":null}},"10":{"start":{"line":34,"column":12},"end":{"line":34,"column":null}},"11":{"start":{"line":34,"column":59},"end":{"line":34,"column":71}},"12":{"start":{"line":35,"column":12},"end":{"line":35,"column":null}},"13":{"start":{"line":37,"column":8},"end":{"line":39,"column":null}},"14":{"start":{"line":38,"column":12},"end":{"line":38,"column":null}},"15":{"start":{"line":40,"column":8},"end":{"line":40,"column":null}},"16":{"start":{"line":41,"column":8},"end":{"line":41,"column":null}},"17":{"start":{"line":44,"column":10},"end":{"line":134,"column":null}},"18":{"start":{"line":45,"column":8},"end":{"line":48,"column":null}},"19":{"start":{"line":46,"column":12},"end":{"line":46,"column":null}},"20":{"start":{"line":47,"column":12},"end":{"line":47,"column":null}},"21":{"start":{"line":50,"column":8},"end":{"line":133,"column":null}},"22":{"start":{"line":51,"column":12},"end":{"line":51,"column":null}},"23":{"start":{"line":52,"column":12},"end":{"line":52,"column":null}},"24":{"start":{"line":53,"column":12},"end":{"line":53,"column":null}},"25":{"start":{"line":55,"column":30},"end":{"line":61,"column":null}},"26":{"start":{"line":56,"column":16},"end":{"line":60,"column":null}},"27":{"start":{"line":57,"column":20},"end":{"line":57,"column":null}},"28":{"start":{"line":58,"column":20},"end":{"line":58,"column":null}},"29":{"start":{"line":59,"column":20},"end":{"line":59,"column":null}},"30":{"start":{"line":63,"column":27},"end":{"line":70,"column":null}},"31":{"start":{"line":72,"column":12},"end":{"line":72,"column":null}},"32":{"start":{"line":74,"column":27},"end":{"line":74,"column":null}},"33":{"start":{"line":75,"column":12},"end":{"line":78,"column":null}},"34":{"start":{"line":76,"column":16},"end":{"line":76,"column":null}},"35":{"start":{"line":76,"column":45},"end":{"line":76,"column":69}},"36":{"start":{"line":77,"column":16},"end":{"line":77,"column":null}},"37":{"start":{"line":80,"column":12},"end":{"line":110,"column":null}},"38":{"start":{"line":81,"column":16},"end":{"line":81,"column":null}},"39":{"start":{"line":83,"column":16},"end":{"line":97,"column":null}},"40":{"start":{"line":84,"column":20},"end":{"line":96,"column":null}},"41":{"start":{"line":85,"column":24},"end":{"line":95,"column":null}},"42":{"start":{"line":87,"column":32},"end":{"line":87,"column":null}},"43":{"start":{"line":88,"column":32},"end":{"line":88,"column":null}},"44":{"start":{"line":91,"column":32},"end":{"line":91,"column":null}},"45":{"start":{"line":92,"column":32},"end":{"line":92,"column":null}},"46":{"start":{"line":93,"column":32},"end":{"line":93,"column":null}},"47":{"start":{"line":94,"column":32},"end":{"line":94,"column":null}},"48":{"start":{"line":99,"column":16},"end":{"line":103,"column":null}},"49":{"start":{"line":100,"column":20},"end":{"line":100,"column":null}},"50":{"start":{"line":101,"column":20},"end":{"line":101,"column":null}},"51":{"start":{"line":102,"column":20},"end":{"line":102,"column":null}},"52":{"start":{"line":105,"column":16},"end":{"line":105,"column":null}},"53":{"start":{"line":106,"column":16},"end":{"line":106,"column":null}},"54":{"start":{"line":107,"column":16},"end":{"line":107,"column":null}},"55":{"start":{"line":108,"column":16},"end":{"line":108,"column":null}},"56":{"start":{"line":108,"column":52},"end":{"line":108,"column":64}},"57":{"start":{"line":109,"column":16},"end":{"line":109,"column":null}},"58":{"start":{"line":112,"column":12},"end":{"line":112,"column":null}},"59":{"start":{"line":113,"column":12},"end":{"line":113,"column":null}},"60":{"start":{"line":115,"column":31},"end":{"line":115,"column":null}},"61":{"start":{"line":116,"column":12},"end":{"line":126,"column":null}},"62":{"start":{"line":117,"column":16},"end":{"line":125,"column":null}},"63":{"start":{"line":118,"column":20},"end":{"line":118,"column":null}},"64":{"start":{"line":119,"column":16},"end":{"line":125,"column":null}},"65":{"start":{"line":120,"column":20},"end":{"line":120,"column":null}},"66":{"start":{"line":121,"column":16},"end":{"line":125,"column":null}},"67":{"start":{"line":122,"column":20},"end":{"line":122,"column":null}},"68":{"start":{"line":123,"column":16},"end":{"line":125,"column":null}},"69":{"start":{"line":124,"column":20},"end":{"line":124,"column":null}},"70":{"start":{"line":128,"column":12},"end":{"line":128,"column":null}},"71":{"start":{"line":129,"column"
[...]
d":{"line":115,"column":null}},"46":{"start":{"line":114,"column":16},"end":{"line":114,"column":null}},"47":{"start":{"line":117,"column":12},"end":{"line":117,"column":null}},"48":{"start":{"line":118,"column":12},"end":{"line":118,"column":null}},"49":{"start":{"line":123,"column":8},"end":{"line":127,"column":null}},"50":{"start":{"line":124,"column":12},"end":{"line":124,"column":null}},"51":{"start":{"line":126,"column":12},"end":{"line":126,"column":null}},"52":{"start":{"line":131,"column":8},"end":{"line":131,"column":null}},"53":{"start":{"line":131,"column":65},"end":{"line":131,"column":null}},"54":{"start":{"line":133,"column":8},"end":{"line":133,"column":null}},"55":{"start":{"line":134,"column":24},"end":{"line":134,"column":null}},"56":{"start":{"line":135,"column":8},"end":{"line":135,"column":null}},"57":{"start":{"line":136,"column":8},"end":{"line":136,"column":null}},"58":{"start":{"line":138,"column":8},"end":{"line":140,"column":null}},"59":{"start":{"line":139,"column":12},"end":{"line":139,"column":null}},"60":{"start":{"line":145,"column":8},"end":{"line":147,"column":null}},"61":{"start":{"line":149,"column":8},"end":{"line":157,"column":null}},"62":{"start":{"line":150,"column":38},"end":{"line":150,"column":null}},"63":{"start":{"line":151,"column":12},"end":{"line":156,"column":null}},"64":{"start":{"line":152,"column":16},"end":{"line":152,"column":null}},"65":{"start":{"line":153,"column":16},"end":{"line":153,"column":null}},"66":{"start":{"line":154,"column":16},"end":{"line":154,"column":null}},"67":{"start":{"line":155,"column":16},"end":{"line":155,"column":null}},"68":{"start":{"line":158,"column":8},"end":{"line":158,"column":null}},"69":{"start":{"line":162,"column":8},"end":{"line":162,"column":null}},"70":{"start":{"line":163,"column":8},"end":{"line":163,"column":null}},"71":{"start":{"line":168,"column":31},"end":{"line":171,"column":null}},"72":{"start":{"line":173,"column":8},"end":{"line":185,"column":null}},"73":{"start":{"line":174,"column":12},"end":{"line":182,"column":null}},"74":{"start":{"line":175,"column":16},"end":{"line":178,"column":null}},"75":{"start":{"line":180,"column":16},"end":{"line":180,"column":null}},"76":{"start":{"line":181,"column":16},"end":{"line":181,"column":null}},"77":{"start":{"line":184,"column":12},"end":{"line":184,"column":null}},"78":{"start":{"line":191,"column":35},"end":{"line":191,"column":null}},"79":{"start":{"line":192,"column":32},"end":{"line":192,"column":null}},"80":{"start":{"line":194,"column":8},"end":{"line":194,"column":null}},"81":{"start":{"line":194,"column":53},"end":{"line":194,"column":null}},"82":{"start":{"line":197,"column":8},"end":{"line":199,"column":null}},"83":{"start":{"line":198,"column":12},"end":{"line":198,"column":null}},"84":{"start":{"line":198,"column":62},"end":{"line":198,"column":84}},"85":{"start":{"line":201,"column":8},"end":{"line":201,"column":null}},"86":{"start":{"line":204,"column":8},"end":{"line":206,"column":null}},"87":{"start":{"line":205,"column":12},"end":{"line":205,"column":null}},"88":{"start":{"line":208,"column":8},"end":{"line":208,"column":null}},"89":{"start":{"line":212,"column":28},"end":{"line":225,"column":null}},"90":{"start":{"line":213,"column":12},"end":{"line":224,"column":null}},"91":{"start":{"line":214,"column":16},"end":{"line":223,"column":null}},"92":{"start":{"line":215,"column":20},"end":{"line":222,"column":null}},"93":{"start":{"line":216,"column":37},"end":{"line":216,"column":null}},"94":{"start":{"line":217,"column":24},"end":{"line":219,"column":null}},"95":{"start":{"line":218,"column":28},"end":{"line":218,"column":null}},"96":{"start":{"line":227,"column":8},"end":{"line":237,"column":null}},"97":{"start":{"line":228,"column":12},"end":{"line":228,"column":null}},"98":{"start":{"line":231,"column":38},"end":{"line":231,"column":null}},"99":{"start":{"line":232,"column":12},"end":{"line":236,"column":null}},"100":{"start":{"line":233,"column":16},"end":{"line":233,"column":null}},"101":{"start":{"line":234,"column":16},"end":{"line":234,"column":null}},"102":{"start":{"line":235,"column":16},"end":{"line":235,"column":null}},"103":{"start":{"line":243,"column":8},"end":{"line":243,"column":null}},"104":{"start":{"line":247,"column":8},"end":{"line":247,"column":null}},"105":{"start":{"line":255,"column":8},"end":{"line":257,"column":null}},"106":{"start":{"line":256,"column":12},"end":{"line":256,"column":null}},"107":{"start":{"line":259,"column":8},"end":{"line":269,"column":null}},"108":{"start":{"line":260,"column":12},"end":{"line":266,"column":null}},"109":{"start":{"line":268,"column":12},"end":{"line":268,"column":null}},"110":{"start":{"line":273,"column":31},"end":{"line":273,"column":null}}},"fnMap":{"0":{"name":"(anonymous_0)","decl":{"start":{"line":7,"column":24},"end":{"line":7,"column":30}},"loc":{"start":{"line":7,"column":30},"end":{"line":16,"column":null}},"line":7},"1":{"name":"(anonymous_1)","decl":{"start":{"line":18,"column":21},"end":{"line":18,"column":27}},"loc":{"start":{"line":18,"column":27},"end":{"line":20,"column":null}},"line":18},"2":{"name":"(anonymous_2)","decl":{"start":{"line":49,"column":4},"end":{"line":49,"column":18}},"loc":{"start":{"line":49,"column":18},"end":{"line":87,"column":null}},"line":49},"3":{"name":"(anonymous_3)","decl":{"start":{"line":62,"column":32},"end":{"line":62,"column":38}},"loc":{"start":{"line":62,"column":38},"end":{"line":68,"column":null}},"line":62},"4":{"name":"(anonymous_4)","decl":{"start":{"line":70,"column":35},"end":{"line":70,"column":41}},"loc":{"start":{"line":70,"column":41},"end":{"line":73,"column":null}},"line":70},"5":{"name":"(anonymous_5)","decl":{"start":{"line":75,"column":35},"end":{"line":75,"column":36}},"loc":{"start":{"line":75,"column":46},"end":{"line":78,"column":null}},"line":75},"6":{"name":"(anonymous_6)","decl":{"start":{"line":81,"column":39},"end":{"line":81,"column":45}},"loc":{"start":{"line":81,"column":45},"end":{"line":86,"column":null}},"line":81},"7":{"name":"(anonymous_7)","decl":{"start":{"line":93,"column":12},"end":{"line":93,"column":46}},"loc":{"start":{"line":93,"column":46},"end":{"line":108,"column":null}},"line":93},"8":{"name":"(anonymous_8)","decl":{"start":{"line":110,"column":12},"end":{"line":110,"column":24}},"loc":{"start":{"line":110,"column":24},"end":{"line":120,"column":null}},"line":110},"9":{"name":"(anonymous_9)","decl":{"start":{"line":122,"column":12},"end":{"line":122,"column":24}},"loc":{"start":{"line":122,"column":24},"end":{"line":128,"column":null}},"line":122},"10":{"name":"(anonymous_10)","decl":{"start":{"line":130,"column":12},"end":{"line":130,"column":25}},"loc":{"start":{"line":130,"column":25},"end":{"line":141,"column":null}},"line":130},"11":{"name":"(anonymous_11)","decl":{"start":{"line":138,"column":24},"end":{"line":138,"column":34}},"loc":{"start":{"line":138,"column":34},"end":{"line":140,"column":9}},"line":138},"12":{"name":"(anonymous_12)","decl":{"start":{"line":143,"column":11},"end":{"line":143,"column":19}},"loc":{"start":{"line":143,"column":51},"end":{"line":159,"column":null}},"line":143},"13":{"name":"(anonymous_13)","decl":{"start":{"line":151,"column":36},"end":{"line":151,"column":37}},"loc":{"start":{"line":151,"column":47},"end":{"line":156,"column":null}},"line":151},"14":{"name":"(anonymous_14)","decl":{"start":{"line":161,"column":11},"end":{"line":161,"column":24}},"loc":{"start":{"line":161,"column":24},"end":{"line":164,"column":null}},"line":161},"15":{"name":"(anonymous_15)","decl":{"start":{"line":166,"column":11},"end":{"line":166,"column":22}},"loc":{"start":{"line":166,"column":59},"end":{"line":186,"column":null}},"line":166},"16":{"name":"(anonymous_16)","decl":{"start":{"line":188,"column":12},"end":{"line":188,"column":25}},"loc":{"start":{"line":188,"column":62},"end":{"line":209,"column":null}},"line":188},"17":{"name":"(anonymous_17)","decl":{"start":{"line":198,"column":57},"end":{"line":198,"column":62}},"loc":{"start":{"line":198,"column":62},"end":{"line":198,"column":84}},"line":198},"18":{"name":"(anonymous_18)","decl":{"start":{"line":211,"column":11},"end":{"line":211,"column":26}},"loc":{"start":{"line":211,"column":74},"end":{"line":238,"column":null}},"line":211},"19":{"name":"(anonymous_19)","decl":{"start":{"line":212,"column":28},"end":{"line":212,"column":34}},"loc":{"start":{"line":212,"column":34},"end":{"line":225,"column":null}},"line":212},"20":{"name":"(anonymous_20)","decl":{"start":{"line":213,"column":57},"end":{"line":213,"column":58}},"loc":{"start":{"line":213,"column":70},"end":{"line":224,"column":13}},"line":213},"21":{"name":"(anonymous_21)","decl":{"start":{"line":232,"column":36},"end":{"line":232,"column":37}},"loc":{"start":{"line":232,"column":47},"end":{"line":236,"column":null}},"line":232},"22":{"name":"(anonymous_22)","decl":{"start":{"line":242,"column":11},"end":{"line":242,"column":27}},"loc":{"start":{"line":242,"column":64},"end":{"line":244,"column":null}},"line":242},"23":{"name":"(anonymous_23)","decl":{"start":{"line":246,"column":11},"end":{"line":246,"column":34}},"loc":{"start":{"line":246,"column":34},"end":{"line":248,"column":null}},"line":246},"24":{"name":"(anonymous_24)","decl":{"start":{"line":254,"column":11},"end":{"line":254,"column":25}},"loc":{"start":{"line":254,"column":46},"end":{"line":270,"column":null}},"line":254}},"branchMap":{"0":{"loc":{"start":{"line":8,"column":19},"end":{"line":8,"column":null}},"type":"binary-expr","locations":[{"start":{"line":8,"column":19},"end":{"line":8,"column":51}},{"start":{"line":8,"column":51},"end":{"line":8,"column":null}}],"line":8},"1":{"loc":{"start":{"line":10,"column":17},"end":{"line":10,"column":null}},"type":"cond-expr","locations":[{"start":{"line":10,"column":40},"end":{"line":10,"column":62}},{"start":{"line":10,"column":62},"end":{"line":10,"column":null}}],"line":10},"2":{"loc":{"start":{"line":12,"column":4},"end":{"line":14,"column":null}},"type":"if","locations":[{"start":{"line":12,"column":4},"end":{"line":14,"column":null}},{"start":{},"end":{}}],"line":12},"3":{"loc":{"start":{"line":19,"column":11},"end":{"line":19,"column":null}},"type":"binary-expr","locations":[{"start":{"line":19,"column":11},"end":{"line":19,"column":37}},{"start":{"line":19,"column":37},"end":{"line":19,"column":null}}],"line":19},"4":{"loc":{"start":{"line":113,"column":12},"end":{"line":115,"column":null}},"type":"if","locations":[{"start":{"line":113,"column":12},"end":{"line":115,"column":null}},{"start":{},"end":{}}],"line":113},"5":{"loc":{"start":{"line":131,"column":8},"end":{"line":131,"column":null}},"type":"if","locations":[{"start":{"line":131,"column":8},"end":{"line":131,"column":null}},{"start":{},"end":{}}],"line":131},"6":{"loc":{"start":{"line":131,"column":12},"end":{"line":131,"column":65}},"type":"binary-expr","locations":[{"start":{"line":131,"column":12},"end":{"line":131,"column":33}},{"start":{"line":131,"column":33},"end":{"line":131,"column":65}}],"line":131},"7":{"loc":{"start":{"line":149,"column":8},"end":{"line":157,"column":null}},"type":"if","locations":[{"start":{"line":149,"column":8},"end":{"line":157,"column":null}},{"start":{},"end":{}}],"line":149},"8":{"loc":{"start":{"line":170,"column":24},"end":{"line":170,"column":null}},"type":"binary-expr","locations":[{"start":{"line":170,"column":24},"end":{"line":170,"column":45}},{"start":{"line":170,"column":31},"end":{"line":170,"column":null}}],"line":170},"9":{"loc":{"start":{"line":173,"column":8},"end":{"line":185,"column":null}},"type":"if","locations":[{"start":{"line":173,"column":8},"end":{"line":185,"column":null}},{"start":{"line":183,"column":15},"end":{"line":185,"column":null}}],"line":173},"10":{"loc":{"start":{"line":191,"column":35},"end":{"line":191,"column":null}},"type":"binary-expr","locations":[{"start":{"line":191,"column":35},"end":{"line":191,"column":65}},{"start":{"line":191,"column":65},"end":{"line":191,"column":null}}],"line":191},"11":{"loc":{"start":{"line":194,"column":8},"end":{"line":194,"column":null}},"type":"if","locations":[{"start":{"line":194,"column":8},"end":{"line":194,"column":null}},{"start":{},"end":{}}],"line":194},"12":{"loc":{"start":{"line":194,"column":12},"end":{"line":194,"column":53}},"type":"binary-expr","locations":[{"start":{"line":194,"column":12},"end":{"line":194,"column":35}},{"start":{"line":194,"column":35},"end":{"line":194,"column":53}}],"line":194},"13":{"loc":{"start":{"line":197,"column":8},"end":{"line":199,"column":null}},"type":"if","locations":[{"start":{"line":197,"column":8},"end":{"line":199,"column":null}},{"start":{},"end":{}}],"line":197},"14":{"loc":{"start":{"line":204,"column":8},"end":{"line":206,"column":null}},"type":"if","locations":[{"start":{"line":204,"column":8},"end":{"line":206,"column":null}},{"start":{},"end":{}}],"line":204},"15":{"loc":{"start":{"line":214,"column":16},"end":{"line":223,"column":null}},"type":"if","locations":[{"start":{"line":214,"column":16},"end":{"line":223,"column":null}},{"start":{},"end":{}}],"line":214},"16":{"loc":{"start":{"line":217,"column":24},"end":{"line":219,"column":null}},"type":"if","locations":[{"start":{"line":217,"column":24},"end":{"line":219,"column":null}},{"start":{},"end":{}}],"line":217},"17":{"loc":{"start":{"line":217,"column":28},"end":{"line":217,"column":74}},"type":"binary-expr","locations":[{"start":{"line":217,"column":28},"end":{"line":217,"column":56}},{"start":{"line":217,"column":56},"end":{"line":217,"column":74}}],"line":217},"18":{"loc":{"start":{"line":227,"column":8},"end":{"line":237,"column":null}},"type":"if","locations":[{"start":{"line":227,"column":8},"end":{"line":237,"column":null}},{"start":{"line":229,"column":15},"end":{"line":237,"column":null}}],"line":227},"19":{"loc":{"start":{"line":255,"column":8},"end":{"line":257,"column":null}},"type":"if","locations":[{"start":{"line":255,"column":8},"end":{"line":257,"column":null}},{"start":{},"end":{}}],"line":255},"20":{"loc":{"start":{"line":255,"column":12},"end":{"line":255,"column":47}},"type":"binary-expr","locations":[{"start":{"line":255,"column":12},"end":{"line":255,"column":33}},{"start":{"line":255,"column":33},"end":{"line":255,"column":47}}],"line":255}},"s":{"0":0,"1":0,"2":0,"3":0,"4":0,"5":0,"6":0,"7":0,"8":0,"9":0,"10":0,"11":0,"12":0,"13":0,"14":0,"15":0,"16":0,"17":0,"18":0,"19":0,"20":0,"21":0,"22":0,"23":0,"24":0,"25":0,"26":0,"27":0,"28":0,"29":0,"30":0,"31":0,"32":0,"33":0,"34":0,"35":0,"36":0,"37":0,"38":0,"39":0,"40":0,"41":0,"42":0,"43":0,"44":0,"45":0,"46":0,"47":0,"48":0,"49":0,"50":0,"51":0,"52":0,"53":0,"54":0,"55":0,"56":0,"57":0,"58":0,"59":0,"60":0,"61":0,"62":0,"63":0,"64":0,"65":0,"66":0,"67":0,"68":0,"69":0,"70":0,"71":0,"72":0,"73":0,"74":0,"75":0,"76":0,"77":0,"78":0,"79":0,"80":0,"81":0,"82":0,"83":0,"84":0,"85":0,"86":0,"87":0,"88":0,"89":0,"90":0,"91":0,"92":0,"93":0,"94":0,"95":0,"96":0,"97":0,"98":0,"99":0,"100":0,"101":0,"102":0,"103":0,"104":0,"105":0,"106":0,"107":0,"108":0,"109":0,"110":0},"f":{"0":0,"1":0,"2":0,"3":0,"4":0,"5":0,"6":0,"7":0,"8":0,"9":0,"10":0,"11":0,"12":0,"13":0,"14":0,"15":0,"16":0,"17":0,"18":0,"19":0,"20":0,"21":0,"22":0,"23":0,"24":0},"b":{"0":[0,0],"1":[0,0],"2":[0,0],"3":[0,0],"4":[0,0],"5":[0,0],"6":[0,0],"7":[0,0],"8":[0,0],"9":[0,0],"10":[0,0],"11":[0,0],"12":[0,0],"13":[0,0],"14":[0,0],"15":[0,0],"16":[0,0],"17":[0,0],"18":[0,0],"19":[0,0],"20":[0,0]},"meta":{"lastBranch":21,"lastFunction":25,"lastStatement":111,"seen":{"s:5:6:5:Infinity":0,"s:7:24:16:Infinity":1,"f:7:24:7:30":0,"s:8:19:8:Infinity":2,"b:8:19:8:51:8:51:8:Infinity":0,"s:10:17:10:Infinity":3,"b:10:40:10:62:10:62:10:Infinity":1,"b:12:4:14:Infinity:undefined:undefined:undefined:undefined":2,"s:12:4:14:Infinity":4,"s:13:8:13:Infinity":5,"s:15:4:15:Infinity":6,"s:18:21:20:Infinity":7,"f:18:21:18:27":1,"s:19:4:19:Infinity":8,"b:19:11:19:37:19:37:19:Infinity":3,"s:35:20:35:Infinity":9,"s:36:23:36:Infinity":10,"s:39:32:39:Infinity":11,"s:40:28:40:Infinity":12,"s:41:22:41:Infinity":13,"s:45:35:45:Infinity":14,"s:46:58:46:Infinity":15,"s:47:39:47:Infinity":16,"s:240:94:240:Infinity":17,"f:49:4:49:18":2,"s:50:8:50:Infinity":18,"s:52:8:60:Infinity":19,"s:62:8:68:Infinity":20,"f:62:32:62:38":3,"s:63:12:63:Infinity":21,"s:64:12:64:Infinity":22,"s:65:12:65:Infinity":23,"s:66:12:66:Infinity":24,"s:67:12:67:Infinity":25,"s:70:8:73:Infinity":26,"f:70:35:70:41":4,"s:71:12:71:Infinity":27,"s:72:12:72:Infinity":28,"s:75:8:78:Infinity":29,"f:75:35:75:36":5,"s:76:12:76:Infinity":30,"s:77:12:77:Infinity":31,"s:81:8:86:Infinity":32,"f:81:39:81:45":6,"s:82:12:82:Infinity":33,"s:83:29:83:Infinity":34,"s:84:12:84:Infinity":35,"s:85:12:85:Infinity":36,"f:93:12:93:46":7,"s:94:8:94:Infinity":37,"s:97:26:100:Infinity":38,"s:103:23:103:Infinity":39,"s:104:22:104:Infinity":40,"s:106:8:106:Infinity":41,"s:107:8:107:Infinity":42,"f:110:12:110:24":8,"s:111:8:119:Infinity":43,"s:112:26:112:Infinity":44,"b:113:12:115:Infinity:undefined:undefined:undefined:undefined":4,"s:113:12:115:Infinity":45,"s:114:16:114:Infinity":46,"s:117:12:117:Infinity":47,"s:118:12:118:Infinity":48,"f:122:12:122:24":9,"s:123:8:127:Infinity":49,"s:124:12:124:Infinity":50,"s:126:12:126:Infinity":51,"f:130:12:130:25":10,"b:131:8:131:Infinity:undefined:undefined:undefined:undefined":5,"s:131:8:131:Infinity":52,"b:131:12:131:33:131:33:131:65":6,"s:131:65:131:Infinity":53,"s:133:8:133:Infinity":54,"s:134:24:134:Infinity":55,"s:135:8:135:Infinity":56,"s:136:8:136:Infinity":57,"s:138:8:140:Infinity":58,"f:138:24:138:34":11,"s:139:12:139:Infinity":59,"f:143:11:143:19":12,"s:145:8:147:Infinity":60,"b:149:8:157:Infinity:undefined:undefined:undefined:undefined":7,"s:149:8:157:Infinity":61,"s:150:38:150:Infinity":62,"s:151:12:156:Infinity":63,"f:151:36:151:37":13,"s:152:16:152:Infinity":64,"s:153:16:153:Infinity":65,"s:154:16:154:Infinity":66,"s:155:16:155:Infinity":67,"s:158:8:158:Infinity":68,"f:161:11:161:24":14,"s:162:8:162:Infinity":69,"s:163:8:163:Infinity":70,"f:166:11:166:22":15,"s:168:31:171:Infinity":71,"b:170:24:170:45:170:31:170:Infinity":8,"b:173:8:185:Infinity:183:15:185:Infinity":9,"s:173:8:185:Infinity":72,"s:174:12:182:Infinity":73,"s:175:16:178:Infinity":74,"s:180:16:180:Infinity":75,"s:181:16:181:Infinity":76,"s:184:12:184:Infinity":77,"f:188:12:188:25":16,"s:191:35:191:Infinity":78,"b:191:35:191:65:191:65:191:Infinity":10,"s:192:32:192:Infinity":79,"b:194:8:194:Infinity:undefined:undefined:undefined:undefined":11,"s:194:8:194:Infinity":80,"b:194:12:194:35:194:35:194:53":12,"s:194:53:194:Infinity":81,"b:197:8:199:Infinity:undefined:undefined:undefined:undefined":13,"s:197:8:199:Infinity":82,"s:198:12:198:Infinity":83,"f:198:57:198:62":17,"s:198:62:198:84":84,"s:201:8:201:Infinity":85,"b:204:8:206:Infinity:undefined:undefined:undefined:undefined":14,"s:204:8:206:Infinity":86,"s:205:12:205:Infinity":87,"s:208:8:208:Infinity":88,"f:211:11:211:26":18,"s:212:28:225:Infinity":89,"f:212:28:212:34":19,"s:213:12:224:Infinity":90,"f:213:57:213:58":20,"b:214:16:223:Infinity:undefined:undefined:undefined:undefined":15,"s:214:16:223:Infinity":91,"s:215:20:222:Infinity":92,"s:216:37:216:Infinity":93,"b:217:24:219:Infinity:undefined:undefined:undefined:undefined":16,"s:217:24:219:Infinity":94,"b:217:28:217:56:217:56:217:74":17,"s:218:28:218:Infinity":95,"b:227:8:237:Infinity:229:15:237:Infinity":18,"s:227:8:237:Infinity":96,"s:228:12:228:Infinity":97,"s:231:38:231:Infinity":98,"s:232:12:236:Infinity":99,"f:232:36:232:37":21,"s:233:16:233:Infinity":100,"s:234:16:234:Infinity":101,"s:235:16:235:Infinity":102,"f:242:11:242:27":22,"s:243:8:243:Infinity":103,"f:246:11:246:34":23,"s:247:8:247:Infinity":104,"f:254:11:254:25":24,"b:255:8:257:Infinity:undefined:undefined:undefined:undefined":19,"s:255:8:257:Infinity":105,"b:255:12:255:33:255:33:255:47":20,"s:256:12:256:Infinity":106,"s:259:8:269:Infinity":107,"s:260:12:266:Infinity":108,"s:268:12:268:Infinity":109,"s:273:31:273:Infinity":110}}}
}
